# JRE version: OpenJDK Runtime Environment (17.0.6) (build 17.0.6+0-b2043.56-9586694)
# Java VM: OpenJDK 64-Bit Server VM (17.0.6+0-b2043.56-9586694, mixed mode, tiered, compressed oops, compressed class ptrs, g1 gc, windows-amd64)
GC Precious Log:
 CPUs: 4 total, 4 available
 Memory: 3682M
 Large Page Support: Disabled
 NUMA Support: Disabled
 Compressed Oops: Enabled (32-bit)
 Heap Region Size: 1M
 Heap Min Capacity: 8M
 Heap Initial Capacity: 58M
 Heap Max Capacity: 2G
 Pre-touch: Disabled
 Parallel Workers: 4
 Concurrent Workers: 1
 Concurrent Refinement Workers: 4
 Periodic GC: Disabled
Heap:
 garbage-first heap   total 471040K, used 200480K [0x0000000080000000, 0x0000000100000000)
  region size 1024K, 2 young (2048K), 2 survivors (2048K)
 Metaspace       used 145007K, committed 145920K, reserved 1179648K
  class space    used 19301K, committed 19776K, reserved 1048576K
GC Heap History (20 events):
Event: 506.457 GC heap after
{Heap after GC invocations=56 (full 0):
 garbage-first heap   total 471040K, used 141012K [0x0000000080000000, 0x0000000100000000)
  region size 1024K, 1 young (1024K), 1 survivors (1024K)
 Metaspace       used 112237K, committed 113024K, reserved 1146880K
  class space    used 14959K, committed 15360K, reserved 1048576K
}
Event: 524.678 GC heap before
{Heap before GC invocations=56 (full 0):
 garbage-first heap   total 471040K, used 290516K [0x0000000080000000, 0x0000000100000000)
  region size 1024K, 146 young (149504K), 1 survivors (1024K)
 Metaspace       used 122808K, committed 123712K, reserved 1163264K
  class space    used 16222K, committed 16704K, reserved 1048576K
}
Event: 524.887 GC heap after
{Heap after GC invocations=57 (full 0):
 garbage-first heap   total 471040K, used 151989K [0x0000000080000000, 0x0000000100000000)
  region size 1024K, 10 young (10240K), 10 survivors (10240K)
 Metaspace       used 122808K, committed 123712K, reserved 1163264K
  class space    used 16222K, committed 16704K, reserved 1048576K
}
Event: 531.313 GC heap before
{Heap before GC invocations=58 (full 0):
 garbage-first heap   total 471040K, used 261557K [0x0000000080000000, 0x0000000100000000)
  region size 1024K, 114 young (116736K), 10 survivors (10240K)
 Metaspace       used 134782K, committed 135616K, reserved 1171456K
  class space    used 18013K, committed 18432K, reserved 1048576K
}
Event: 531.449 GC heap after
{Heap after GC invocations=59 (full 0):
 garbage-first heap   total 471040K, used 166999K [0x0000000080000000, 0x0000000100000000)
  region size 1024K, 15 young (15360K), 15 survivors (15360K)
 Metaspace       used 134782K, committed 135616K, reserved 1171456K
  class space    used 18013K, committed 18432K, reserved 1048576K
}
Event: 531.626 GC heap before
{Heap before GC invocations=59 (full 0):
 garbage-first heap   total 471040K, used 174167K [0x0000000080000000, 0x0000000100000000)
  region size 1024K, 23 young (23552K), 15 survivors (15360K)
 Metaspace       used 135222K, committed 136064K, reserved 1171456K
  class space    used 18077K, committed 18496K, reserved 1048576K
}
Event: 531.829 GC heap after
{Heap after GC invocations=60 (full 0):
 garbage-first heap   total 471040K, used 166258K [0x0000000080000000, 0x0000000100000000)
  region size 1024K, 2 young (2048K), 2 survivors (2048K)
 Metaspace       used 135222K, committed 136064K, reserved 1171456K
  class space    used 18077K, committed 18496K, reserved 1048576K
}
Event: 535.833 GC heap before
{Heap before GC invocations=60 (full 0):
 garbage-first heap   total 471040K, used 297330K [0x0000000080000000, 0x0000000100000000)
  region size 1024K, 113 young (115712K), 2 survivors (2048K)
 Metaspace       used 139272K, committed 140160K, reserved 1171456K
  class space    used 18562K, committed 19008K, reserved 1048576K
}
Event: 535.845 GC heap after
{Heap after GC invocations=61 (full 0):
 garbage-first heap   total 471040K, used 177174K [0x0000000080000000, 0x0000000100000000)
  region size 1024K, 7 young (7168K), 7 survivors (7168K)
 Metaspace       used 139272K, committed 140160K, reserved 1171456K
  class space    used 18562K, committed 19008K, reserved 1048576K
}
Event: 537.827 GC heap before
{Heap before GC invocations=61 (full 0):
 garbage-first heap   total 471040K, used 316438K [0x0000000080000000, 0x0000000100000000)
  region size 1024K, 145 young (148480K), 7 survivors (7168K)
 Metaspace       used 142160K, committed 143104K, reserved 1179648K
  class space    used 18994K, committed 19456K, reserved 1048576K
}
Event: 537.854 GC heap after
{Heap after GC invocations=62 (full 0):
 garbage-first heap   total 471040K, used 185138K [0x0000000080000000, 0x0000000100000000)
  region size 1024K, 17 young (17408K), 17 survivors (17408K)
 Metaspace       used 142160K, committed 143104K, reserved 1179648K
  class space    used 18994K, committed 19456K, reserved 1048576K
}
Event: 676.106 GC heap before
{Heap before GC invocations=63 (full 0):
 garbage-first heap   total 471040K, used 309042K [0x0000000080000000, 0x0000000100000000)
  region size 1024K, 139 young (142336K), 17 survivors (17408K)
 Metaspace       used 144796K, committed 145792K, reserved 1179648K
  class space    used 19298K, committed 19776K, reserved 1048576K
}
Event: 677.165 GC heap after
{Heap after GC invocations=64 (full 0):
 garbage-first heap   total 471040K, used 187861K [0x0000000080000000, 0x0000000100000000)
  region size 1024K, 11 young (11264K), 11 survivors (11264K)
 Metaspace       used 144796K, committed 145792K, reserved 1179648K
  class space    used 19298K, committed 19776K, reserved 1048576K
}
Event: 677.778 GC heap before
{Heap before GC invocations=64 (full 0):
 garbage-first heap   total 471040K, used 199125K [0x0000000080000000, 0x0000000100000000)
  region size 1024K, 23 young (23552K), 11 survivors (11264K)
 Metaspace       used 144833K, committed 145792K, reserved 1179648K
  class space    used 19298K, committed 19776K, reserved 1048576K
}
Event: 678.275 GC heap after
{Heap after GC invocations=65 (full 0):
 garbage-first heap   total 471040K, used 186368K [0x0000000080000000, 0x0000000100000000)
  region size 1024K, 2 young (2048K), 2 survivors (2048K)
 Metaspace       used 144833K, committed 145792K, reserved 1179648K
  class space    used 19298K, committed 19776K, reserved 1048576K
}
Event: 698.106 GC heap before
{Heap before GC invocations=65 (full 0):
 garbage-first heap   total 471040K, used 208896K [0x0000000080000000, 0x0000000100000000)
  region size 1024K, 23 young (23552K), 2 survivors (2048K)
 Metaspace       used 144887K, committed 145856K, reserved 1179648K
  class space    used 19300K, committed 19776K, reserved 1048576K
}
Event: 698.247 GC heap after
{Heap after GC invocations=66 (full 0):
 garbage-first heap   total 471040K, used 190976K [0x0000000080000000, 0x0000000100000000)
  region size 1024K, 3 young (3072K), 3 survivors (3072K)
 Metaspace       used 144887K, committed 145856K, reserved 1179648K
  class space    used 19300K, committed 19776K, reserved 1048576K
}
Event: 699.922 GC heap before
{Heap before GC invocations=66 (full 0):
 garbage-first heap   total 471040K, used 231936K [0x0000000080000000, 0x0000000100000000)
  region size 1024K, 44 young (45056K), 3 survivors (3072K)
 Metaspace       used 144946K, committed 145856K, reserved 1179648K
  class space    used 19301K, committed 19776K, reserved 1048576K
}
Event: 700.180 GC heap after
{Heap after GC invocations=67 (full 0):
 garbage-first heap   total 471040K, used 198656K [0x0000000080000000, 0x0000000100000000)
  region size 1024K, 6 young (6144K), 6 survivors (6144K)
 Metaspace       used 144946K, committed 145856K, reserved 1179648K
  class space    used 19301K, committed 19776K, reserved 1048576K
}
Event: 701.481 GC heap before
{Heap before GC invocations=67 (full 0):
 garbage-first heap   total 471040K, used 221184K [0x0000000080000000, 0x0000000100000000)
  region size 1024K, 28 young (28672K), 6 survivors (6144K)
 Metaspace       used 145007K, committed 145920K, reserved 1179648K
  class space    used 19301K, committed 19776K, reserved 1048576K
}

