# JRE version: OpenJDK Runtime Environment (17.0.6) (build 17.0.6+0-b2043.56-9586694)
# Java VM: OpenJDK 64-Bit Server VM (17.0.6+0-b2043.56-9586694, mixed mode, tiered, compressed oops, compressed class ptrs, g1 gc, windows-amd64)
GC Precious Log:
 CPUs: 4 total, 4 available
 Memory: 3682M
 Large Page Support: Disabled
 NUMA Support: Disabled
 Compressed Oops: Enabled (32-bit)
 Heap Region Size: 1M
 Heap Min Capacity: 8M
 Heap Initial Capacity: 58M
 Heap Max Capacity: 2G
 Pre-touch: Disabled
 Parallel Workers: 4
 Concurrent Workers: 1
 Concurrent Refinement Workers: 4
 Periodic GC: Disabled
Heap:
 garbage-first heap   total 96256K, used 57887K [0x0000000080000000, 0x0000000100000000)
  region size 1024K, 3 young (3072K), 3 survivors (3072K)
 Metaspace       used 62990K, committed 63488K, reserved 1105920K
  class space    used 8318K, committed 8576K, reserved 1048576K
GC Heap History (20 events):
Event: 16.873 GC heap after
{Heap after GC invocations=25 (full 0):
 garbage-first heap   total 65536K, used 38912K [0x0000000080000000, 0x0000000100000000)
  region size 1024K, 3 young (3072K), 3 survivors (3072K)
 Metaspace       used 51671K, committed 52096K, reserved 1097728K
  class space    used 6827K, committed 7040K, reserved 1048576K
}
Event: 17.389 GC heap before
{Heap before GC invocations=26 (full 0):
 garbage-first heap   total 66560K, used 44032K [0x0000000080000000, 0x0000000100000000)
  region size 1024K, 9 young (9216K), 3 survivors (3072K)
 Metaspace       used 51925K, committed 52416K, reserved 1097728K
  class space    used 6863K, committed 7104K, reserved 1048576K
}
Event: 17.392 GC heap after
{Heap after GC invocations=27 (full 0):
 garbage-first heap   total 66560K, used 39900K [0x0000000080000000, 0x0000000100000000)
  region size 1024K, 2 young (2048K), 2 survivors (2048K)
 Metaspace       used 51925K, committed 52416K, reserved 1097728K
  class space    used 6863K, committed 7104K, reserved 1048576K
}
Event: 18.095 GC heap before
{Heap before GC invocations=28 (full 0):
 garbage-first heap   total 73728K, used 59356K [0x0000000080000000, 0x0000000100000000)
  region size 1024K, 14 young (14336K), 2 survivors (2048K)
 Metaspace       used 52455K, committed 52928K, reserved 1097728K
  class space    used 6937K, committed 7168K, reserved 1048576K
}
Event: 18.098 GC heap after
{Heap after GC invocations=29 (full 0):
 garbage-first heap   total 73728K, used 53695K [0x0000000080000000, 0x0000000100000000)
  region size 1024K, 2 young (2048K), 2 survivors (2048K)
 Metaspace       used 52455K, committed 52928K, reserved 1097728K
  class space    used 6937K, committed 7168K, reserved 1048576K
}
Event: 18.119 GC heap before
{Heap before GC invocations=29 (full 0):
 garbage-first heap   total 73728K, used 53695K [0x0000000080000000, 0x0000000100000000)
  region size 1024K, 3 young (3072K), 2 survivors (2048K)
 Metaspace       used 52630K, committed 53056K, reserved 1097728K
  class space    used 6961K, committed 7168K, reserved 1048576K
}
Event: 18.121 GC heap after
{Heap after GC invocations=30 (full 0):
 garbage-first heap   total 73728K, used 53440K [0x0000000080000000, 0x0000000100000000)
  region size 1024K, 1 young (1024K), 1 survivors (1024K)
 Metaspace       used 52630K, committed 53056K, reserved 1097728K
  class space    used 6961K, committed 7168K, reserved 1048576K
}
Event: 18.242 GC heap before
{Heap before GC invocations=30 (full 0):
 garbage-first heap   total 73728K, used 58560K [0x0000000080000000, 0x0000000100000000)
  region size 1024K, 7 young (7168K), 1 survivors (1024K)
 Metaspace       used 53486K, committed 54016K, reserved 1097728K
  class space    used 7060K, committed 7296K, reserved 1048576K
}
Event: 18.244 GC heap after
{Heap after GC invocations=31 (full 0):
 garbage-first heap   total 73728K, used 53515K [0x0000000080000000, 0x0000000100000000)
  region size 1024K, 1 young (1024K), 1 survivors (1024K)
 Metaspace       used 53486K, committed 54016K, reserved 1097728K
  class space    used 7060K, committed 7296K, reserved 1048576K
}
Event: 18.347 GC heap before
{Heap before GC invocations=32 (full 0):
 garbage-first heap   total 96256K, used 59659K [0x0000000080000000, 0x0000000100000000)
  region size 1024K, 7 young (7168K), 1 survivors (1024K)
 Metaspace       used 54202K, committed 54720K, reserved 1097728K
  class space    used 7181K, committed 7424K, reserved 1048576K
}
Event: 18.348 GC heap after
{Heap after GC invocations=33 (full 0):
 garbage-first heap   total 96256K, used 53761K [0x0000000080000000, 0x0000000100000000)
  region size 1024K, 1 young (1024K), 1 survivors (1024K)
 Metaspace       used 54202K, committed 54720K, reserved 1097728K
  class space    used 7181K, committed 7424K, reserved 1048576K
}
Event: 18.399 GC heap before
{Heap before GC invocations=33 (full 0):
 garbage-first heap   total 96256K, used 56833K [0x0000000080000000, 0x0000000100000000)
  region size 1024K, 4 young (4096K), 1 survivors (1024K)
 Metaspace       used 54645K, committed 55104K, reserved 1097728K
  class space    used 7242K, committed 7488K, reserved 1048576K
}
Event: 18.401 GC heap after
{Heap after GC invocations=34 (full 0):
 garbage-first heap   total 96256K, used 53479K [0x0000000080000000, 0x0000000100000000)
  region size 1024K, 1 young (1024K), 1 survivors (1024K)
 Metaspace       used 54645K, committed 55104K, reserved 1097728K
  class space    used 7242K, committed 7488K, reserved 1048576K
}
Event: 18.785 GC heap before
{Heap before GC invocations=34 (full 0):
 garbage-first heap   total 96256K, used 71911K [0x0000000080000000, 0x0000000100000000)
  region size 1024K, 19 young (19456K), 1 survivors (1024K)
 Metaspace       used 57721K, committed 58176K, reserved 1105920K
  class space    used 7613K, committed 7808K, reserved 1048576K
}
Event: 18.787 GC heap after
{Heap after GC invocations=35 (full 0):
 garbage-first heap   total 96256K, used 54071K [0x0000000080000000, 0x0000000100000000)
  region size 1024K, 2 young (2048K), 2 survivors (2048K)
 Metaspace       used 57721K, committed 58176K, reserved 1105920K
  class space    used 7613K, committed 7808K, reserved 1048576K
}
Event: 19.362 GC heap before
{Heap before GC invocations=36 (full 0):
 garbage-first heap   total 96256K, used 73527K [0x0000000080000000, 0x0000000100000000)
  region size 1024K, 21 young (21504K), 2 survivors (2048K)
 Metaspace       used 61006K, committed 61504K, reserved 1105920K
  class space    used 8095K, committed 8320K, reserved 1048576K
}
Event: 19.365 GC heap after
{Heap after GC invocations=37 (full 0):
 garbage-first heap   total 96256K, used 55155K [0x0000000080000000, 0x0000000100000000)
  region size 1024K, 3 young (3072K), 3 survivors (3072K)
 Metaspace       used 61006K, committed 61504K, reserved 1105920K
  class space    used 8095K, committed 8320K, reserved 1048576K
}
Event: 19.384 GC heap before
{Heap before GC invocations=37 (full 0):
 garbage-first heap   total 96256K, used 56179K [0x0000000080000000, 0x0000000100000000)
  region size 1024K, 4 young (4096K), 3 survivors (3072K)
 Metaspace       used 61123K, committed 61632K, reserved 1105920K
  class space    used 8111K, committed 8320K, reserved 1048576K
}
Event: 19.388 GC heap after
{Heap after GC invocations=38 (full 0):
 garbage-first heap   total 96256K, used 55212K [0x0000000080000000, 0x0000000100000000)
  region size 1024K, 1 young (1024K), 1 survivors (1024K)
 Metaspace       used 61123K, committed 61632K, reserved 1105920K
  class space    used 8111K, committed 8320K, reserved 1048576K
}
Event: 19.740 GC heap before
{Heap before GC invocations=38 (full 0):
 garbage-first heap   total 96256K, used 80812K [0x0000000080000000, 0x0000000100000000)
  region size 1024K, 20 young (20480K), 1 survivors (1024K)
 Metaspace       used 62990K, committed 63488K, reserved 1105920K
  class space    used 8318K, committed 8576K, reserved 1048576K
}

