# JRE version: OpenJDK Runtime Environment (17.0.6) (build 17.0.6+0-b2043.56-9586694)
# Java VM: OpenJDK 64-Bit Server VM (17.0.6+0-b2043.56-9586694, mixed mode, tiered, compressed oops, compressed class ptrs, g1 gc, windows-amd64)
GC Precious Log:
 CPUs: 4 total, 4 available
 Memory: 3682M
 Large Page Support: Disabled
 NUMA Support: Disabled
 Compressed Oops: Enabled (32-bit)
 Heap Region Size: 1M
 Heap Min Capacity: 8M
 Heap Initial Capacity: 58M
 Heap Max Capacity: 2G
 Pre-touch: Disabled
 Parallel Workers: 4
 Concurrent Workers: 1
 Concurrent Refinement Workers: 4
 Periodic GC: Disabled
Heap:
 garbage-first heap   total 522240K, used 206821K [0x0000000080000000, 0x0000000100000000)
  region size 1024K, 3 young (3072K), 3 survivors (3072K)
 Metaspace       used 146164K, committed 147456K, reserved 1179648K
  class space    used 19476K, committed 20096K, reserved 1048576K
GC Heap History (20 events):
Event: 1364.585 GC heap after
{Heap after GC invocations=74 (full 0):
 garbage-first heap   total 485376K, used 214473K [0x0000000080000000, 0x0000000100000000)
  region size 1024K, 11 young (11264K), 11 survivors (11264K)
 Metaspace       used 144989K, committed 146112K, reserved 1179648K
  class space    used 19358K, committed 19904K, reserved 1048576K
}
Event: 1365.618 GC heap before
{Heap before GC invocations=74 (full 0):
 garbage-first heap   total 485376K, used 227785K [0x0000000080000000, 0x0000000100000000)
  region size 1024K, 23 young (23552K), 11 survivors (11264K)
 Metaspace       used 144998K, committed 146112K, reserved 1179648K
  class space    used 19358K, committed 19904K, reserved 1048576K
}
Event: 1366.035 GC heap after
{Heap after GC invocations=75 (full 0):
 garbage-first heap   total 485376K, used 183196K [0x0000000080000000, 0x0000000100000000)
  region size 1024K, 2 young (2048K), 2 survivors (2048K)
 Metaspace       used 144998K, committed 146112K, reserved 1179648K
  class space    used 19358K, committed 19904K, reserved 1048576K
}
Event: 1368.070 GC heap before
{Heap before GC invocations=75 (full 0):
 garbage-first heap   total 485376K, used 203676K [0x0000000080000000, 0x0000000100000000)
  region size 1024K, 23 young (23552K), 2 survivors (2048K)
 Metaspace       used 145015K, committed 146176K, reserved 1179648K
  class space    used 19359K, committed 19904K, reserved 1048576K
}
Event: 1368.337 GC heap after
{Heap after GC invocations=76 (full 0):
 garbage-first heap   total 485376K, used 186368K [0x0000000080000000, 0x0000000100000000)
  region size 1024K, 3 young (3072K), 3 survivors (3072K)
 Metaspace       used 145015K, committed 146176K, reserved 1179648K
  class space    used 19359K, committed 19904K, reserved 1048576K
}
Event: 1370.618 GC heap before
{Heap before GC invocations=76 (full 0):
 garbage-first heap   total 485376K, used 205824K [0x0000000080000000, 0x0000000100000000)
  region size 1024K, 23 young (23552K), 3 survivors (3072K)
 Metaspace       used 145054K, committed 146176K, reserved 1179648K
  class space    used 19359K, committed 19904K, reserved 1048576K
}
Event: 1370.704 GC heap after
{Heap after GC invocations=77 (full 0):
 garbage-first heap   total 485376K, used 185290K [0x0000000080000000, 0x0000000100000000)
  region size 1024K, 3 young (3072K), 3 survivors (3072K)
 Metaspace       used 145054K, committed 146176K, reserved 1179648K
  class space    used 19359K, committed 19904K, reserved 1048576K
}
Event: 1442.935 GC heap before
{Heap before GC invocations=77 (full 0):
 garbage-first heap   total 485376K, used 260042K [0x0000000080000000, 0x0000000100000000)
  region size 1024K, 77 young (78848K), 3 survivors (3072K)
 Metaspace       used 145237K, committed 146368K, reserved 1179648K
  class space    used 19363K, committed 19904K, reserved 1048576K
}
Event: 1443.047 GC heap after
{Heap after GC invocations=78 (full 0):
 garbage-first heap   total 485376K, used 192884K [0x0000000080000000, 0x0000000100000000)
  region size 1024K, 10 young (10240K), 10 survivors (10240K)
 Metaspace       used 145237K, committed 146368K, reserved 1179648K
  class space    used 19363K, committed 19904K, reserved 1048576K
}
Event: 1444.160 GC heap before
{Heap before GC invocations=78 (full 0):
 garbage-first heap   total 485376K, used 217460K [0x0000000080000000, 0x0000000100000000)
  region size 1024K, 35 young (35840K), 10 survivors (10240K)
 Metaspace       used 145641K, committed 146816K, reserved 1179648K
  class space    used 19440K, committed 20032K, reserved 1048576K
}
Event: 1444.332 GC heap after
{Heap after GC invocations=79 (full 0):
 garbage-first heap   total 485376K, used 195289K [0x0000000080000000, 0x0000000100000000)
  region size 1024K, 3 young (3072K), 3 survivors (3072K)
 Metaspace       used 145641K, committed 146816K, reserved 1179648K
  class space    used 19440K, committed 20032K, reserved 1048576K
}
Event: 1768.635 GC heap before
{Heap before GC invocations=80 (full 0):
 garbage-first heap   total 485376K, used 298713K [0x0000000080000000, 0x0000000100000000)
  region size 1024K, 107 young (109568K), 3 survivors (3072K)
 Metaspace       used 145852K, committed 147072K, reserved 1179648K
  class space    used 19445K, committed 20032K, reserved 1048576K
}
Event: 1769.681 GC heap after
{Heap after GC invocations=81 (full 0):
 garbage-first heap   total 485376K, used 193653K [0x0000000080000000, 0x0000000100000000)
  region size 1024K, 5 young (5120K), 5 survivors (5120K)
 Metaspace       used 145852K, committed 147072K, reserved 1179648K
  class space    used 19445K, committed 20032K, reserved 1048576K
}
Event: 1776.682 GC heap before
{Heap before GC invocations=81 (full 0):
 garbage-first heap   total 485376K, used 211061K [0x0000000080000000, 0x0000000100000000)
  region size 1024K, 23 young (23552K), 5 survivors (5120K)
 Metaspace       used 146055K, committed 147328K, reserved 1179648K
  class space    used 19476K, committed 20096K, reserved 1048576K
}
Event: 1776.863 GC heap after
{Heap after GC invocations=82 (full 0):
 garbage-first heap   total 485376K, used 193629K [0x0000000080000000, 0x0000000100000000)
  region size 1024K, 3 young (3072K), 3 survivors (3072K)
 Metaspace       used 146055K, committed 147328K, reserved 1179648K
  class space    used 19476K, committed 20096K, reserved 1048576K
}
Event: 1779.197 GC heap before
{Heap before GC invocations=82 (full 0):
 garbage-first heap   total 485376K, used 215133K [0x0000000080000000, 0x0000000100000000)
  region size 1024K, 23 young (23552K), 3 survivors (3072K)
 Metaspace       used 146114K, committed 147392K, reserved 1179648K
  class space    used 19476K, committed 20096K, reserved 1048576K
}
Event: 1779.279 GC heap after
{Heap after GC invocations=83 (full 0):
 garbage-first heap   total 485376K, used 196374K [0x0000000080000000, 0x0000000100000000)
  region size 1024K, 3 young (3072K), 3 survivors (3072K)
 Metaspace       used 146114K, committed 147392K, reserved 1179648K
  class space    used 19476K, committed 20096K, reserved 1048576K
}
Event: 1779.429 GC heap before
{Heap before GC invocations=83 (full 0):
 garbage-first heap   total 485376K, used 215830K [0x0000000080000000, 0x0000000100000000)
  region size 1024K, 23 young (23552K), 3 survivors (3072K)
 Metaspace       used 146137K, committed 147392K, reserved 1179648K
  class space    used 19476K, committed 20096K, reserved 1048576K
}
Event: 1779.671 GC heap after
{Heap after GC invocations=84 (full 0):
 garbage-first heap   total 485376K, used 204455K [0x0000000080000000, 0x0000000100000000)
  region size 1024K, 3 young (3072K), 3 survivors (3072K)
 Metaspace       used 146137K, committed 147392K, reserved 1179648K
  class space    used 19476K, committed 20096K, reserved 1048576K
}
Event: 1780.454 GC heap before
{Heap before GC invocations=84 (full 0):
 garbage-first heap   total 485376K, used 241319K [0x0000000080000000, 0x0000000100000000)
  region size 1024K, 23 young (23552K), 3 survivors (3072K)
 Metaspace       used 146164K, committed 147456K, reserved 1179648K
  class space    used 19476K, committed 20096K, reserved 1048576K
}

