# JRE version: OpenJDK Runtime Environment (17.0.6) (build 17.0.6+0-b2043.56-9586694)
# Java VM: OpenJDK 64-Bit Server VM (17.0.6+0-b2043.56-9586694, mixed mode, tiered, compressed oops, compressed class ptrs, g1 gc, windows-amd64)
GC Precious Log:
 CPUs: 4 total, 4 available
 Memory: 3682M
 Large Page Support: Disabled
 NUMA Support: Disabled
 Compressed Oops: Enabled (32-bit)
 Heap Region Size: 1M
 Heap Min Capacity: 8M
 Heap Initial Capacity: 58M
 Heap Max Capacity: 2G
 Pre-touch: Disabled
 Parallel Workers: 4
 Concurrent Workers: 1
 Concurrent Refinement Workers: 4
 Periodic GC: Disabled
Heap:
 garbage-first heap   total 331776K, used 257536K [0x0000000080000000, 0x0000000100000000)
  region size 1024K, 4 young (4096K), 4 survivors (4096K)
 Metaspace       used 101848K, committed 102528K, reserved 1138688K
  class space    used 13943K, committed 14272K, reserved 1048576K
GC Heap History (20 events):
Event: 33.212 GC heap after
{Heap after GC invocations=60 (full 0):
 garbage-first heap   total 150528K, used 84491K [0x0000000080000000, 0x0000000100000000)
  region size 1024K, 1 young (1024K), 1 survivors (1024K)
 Metaspace       used 86210K, committed 86784K, reserved 1130496K
  class space    used 11691K, committed 11968K, reserved 1048576K
}
Event: 35.001 GC heap before
{Heap before GC invocations=60 (full 0):
 garbage-first heap   total 150528K, used 119307K [0x0000000080000000, 0x0000000100000000)
  region size 1024K, 36 young (36864K), 1 survivors (1024K)
 Metaspace       used 88355K, committed 88960K, reserved 1130496K
  class space    used 12062K, committed 12352K, reserved 1048576K
}
Event: 35.009 GC heap after
{Heap after GC invocations=61 (full 0):
 garbage-first heap   total 301056K, used 88499K [0x0000000080000000, 0x0000000100000000)
  region size 1024K, 5 young (5120K), 5 survivors (5120K)
 Metaspace       used 88355K, committed 88960K, reserved 1130496K
  class space    used 12062K, committed 12352K, reserved 1048576K
}
Event: 38.919 GC heap before
{Heap before GC invocations=62 (full 0):
 garbage-first heap   total 301056K, used 189875K [0x0000000080000000, 0x0000000100000000)
  region size 1024K, 105 young (107520K), 5 survivors (5120K)
 Metaspace       used 89493K, committed 90176K, reserved 1130496K
  class space    used 12153K, committed 12480K, reserved 1048576K
}
Event: 38.932 GC heap after
{Heap after GC invocations=63 (full 0):
 garbage-first heap   total 301056K, used 97260K [0x0000000080000000, 0x0000000100000000)
  region size 1024K, 14 young (14336K), 14 survivors (14336K)
 Metaspace       used 89493K, committed 90176K, reserved 1130496K
  class space    used 12153K, committed 12480K, reserved 1048576K
}
Event: 39.114 GC heap before
{Heap before GC invocations=63 (full 0):
 garbage-first heap   total 301056K, used 98284K [0x0000000080000000, 0x0000000100000000)
  region size 1024K, 15 young (15360K), 14 survivors (14336K)
 Metaspace       used 89493K, committed 90176K, reserved 1130496K
  class space    used 12153K, committed 12480K, reserved 1048576K
}
Event: 39.141 GC heap after
{Heap after GC invocations=64 (full 0):
 garbage-first heap   total 301056K, used 98380K [0x0000000080000000, 0x0000000100000000)
  region size 1024K, 2 young (2048K), 2 survivors (2048K)
 Metaspace       used 89493K, committed 90176K, reserved 1130496K
  class space    used 12153K, committed 12480K, reserved 1048576K
}
Event: 41.940 GC heap before
{Heap before GC invocations=64 (full 0):
 garbage-first heap   total 301056K, used 228428K [0x0000000080000000, 0x0000000100000000)
  region size 1024K, 130 young (133120K), 2 survivors (2048K)
 Metaspace       used 93384K, committed 94016K, reserved 1130496K
  class space    used 12640K, committed 12928K, reserved 1048576K
}
Event: 41.975 GC heap after
{Heap after GC invocations=65 (full 0):
 garbage-first heap   total 301056K, used 106105K [0x0000000080000000, 0x0000000100000000)
  region size 1024K, 10 young (10240K), 10 survivors (10240K)
 Metaspace       used 93384K, committed 94016K, reserved 1130496K
  class space    used 12640K, committed 12928K, reserved 1048576K
}
Event: 44.958 GC heap before
{Heap before GC invocations=65 (full 0):
 garbage-first heap   total 301056K, used 214649K [0x0000000080000000, 0x0000000100000000)
  region size 1024K, 84 young (86016K), 10 survivors (10240K)
 Metaspace       used 98930K, committed 99648K, reserved 1138688K
  class space    used 13393K, committed 13760K, reserved 1048576K
}
Event: 44.979 GC heap after
{Heap after GC invocations=66 (full 0):
 garbage-first heap   total 301056K, used 146941K [0x0000000080000000, 0x0000000100000000)
  region size 1024K, 13 young (13312K), 13 survivors (13312K)
 Metaspace       used 98930K, committed 99648K, reserved 1138688K
  class space    used 13393K, committed 13760K, reserved 1048576K
}
Event: 45.625 GC heap before
{Heap before GC invocations=66 (full 0):
 garbage-first heap   total 301056K, used 270845K [0x0000000080000000, 0x0000000100000000)
  region size 1024K, 88 young (90112K), 13 survivors (13312K)
 Metaspace       used 99295K, committed 100032K, reserved 1138688K
  class space    used 13441K, committed 13824K, reserved 1048576K
}
Event: 45.712 GC heap after
{Heap after GC invocations=67 (full 0):
 garbage-first heap   total 312320K, used 193196K [0x0000000080000000, 0x0000000100000000)
  region size 1024K, 13 young (13312K), 13 survivors (13312K)
 Metaspace       used 99295K, committed 100032K, reserved 1138688K
  class space    used 13441K, committed 13824K, reserved 1048576K
}
Event: 46.837 GC heap before
{Heap before GC invocations=68 (full 0):
 garbage-first heap   total 331776K, used 248492K [0x0000000080000000, 0x0000000100000000)
  region size 1024K, 65 young (66560K), 13 survivors (13312K)
 Metaspace       used 101767K, committed 102464K, reserved 1138688K
  class space    used 13939K, committed 14272K, reserved 1048576K
}
Event: 46.921 GC heap after
{Heap after GC invocations=69 (full 0):
 garbage-first heap   total 331776K, used 215552K [0x0000000080000000, 0x0000000100000000)
  region size 1024K, 9 young (9216K), 9 survivors (9216K)
 Metaspace       used 101767K, committed 102464K, reserved 1138688K
  class space    used 13939K, committed 14272K, reserved 1048576K
}
Event: 46.983 GC heap before
{Heap before GC invocations=69 (full 0):
 garbage-first heap   total 331776K, used 221696K [0x0000000080000000, 0x0000000100000000)
  region size 1024K, 16 young (16384K), 9 survivors (9216K)
 Metaspace       used 101777K, committed 102464K, reserved 1138688K
  class space    used 13939K, committed 14272K, reserved 1048576K
}
Event: 47.002 GC heap after
{Heap after GC invocations=70 (full 0):
 garbage-first heap   total 331776K, used 218624K [0x0000000080000000, 0x0000000100000000)
  region size 1024K, 2 young (2048K), 2 survivors (2048K)
 Metaspace       used 101777K, committed 102464K, reserved 1138688K
  class space    used 13939K, committed 14272K, reserved 1048576K
}
Event: 47.147 GC heap before
{Heap before GC invocations=70 (full 0):
 garbage-first heap   total 331776K, used 262656K [0x0000000080000000, 0x0000000100000000)
  region size 1024K, 45 young (46080K), 2 survivors (2048K)
 Metaspace       used 101831K, committed 102528K, reserved 1138688K
  class space    used 13943K, committed 14272K, reserved 1048576K
}
Event: 47.177 GC heap after
{Heap after GC invocations=71 (full 0):
 garbage-first heap   total 331776K, used 242688K [0x0000000080000000, 0x0000000100000000)
  region size 1024K, 6 young (6144K), 6 survivors (6144K)
 Metaspace       used 101831K, committed 102528K, reserved 1138688K
  class space    used 13943K, committed 14272K, reserved 1048576K
}
Event: 47.238 GC heap before
{Heap before GC invocations=71 (full 0):
 garbage-first heap   total 331776K, used 268288K [0x0000000080000000, 0x0000000100000000)
  region size 1024K, 32 young (32768K), 6 survivors (6144K)
 Metaspace       used 101848K, committed 102528K, reserved 1138688K
  class space    used 13943K, committed 14272K, reserved 1048576K
}

