# JRE version: OpenJDK Runtime Environment (17.0.6) (build 17.0.6+0-b2043.56-9586694)
# Java VM: OpenJDK 64-Bit Server VM (17.0.6+0-b2043.56-9586694, mixed mode, tiered, compressed oops, compressed class ptrs, g1 gc, windows-amd64)
GC Precious Log:
 CPUs: 4 total, 4 available
 Memory: 3682M
 Large Page Support: Disabled
 NUMA Support: Disabled
 Compressed Oops: Enabled (32-bit)
 Heap Region Size: 1M
 Heap Min Capacity: 8M
 Heap Initial Capacity: 58M
 Heap Max Capacity: 2G
 Pre-touch: Disabled
 Parallel Workers: 4
 Concurrent Workers: 1
 Concurrent Refinement Workers: 4
 Periodic GC: Disabled
Heap:
 garbage-first heap   total 380928K, used 214476K [0x0000000080000000, 0x0000000100000000)
  region size 1024K, 3 young (3072K), 3 survivors (3072K)
 Metaspace       used 131074K, committed 131968K, reserved 1163264K
  class space    used 17616K, committed 18048K, reserved 1048576K
GC Heap History (20 events):
Event: 405.353 GC heap after
{Heap after GC invocations=60 (full 0):
 garbage-first heap   total 380928K, used 175104K [0x0000000080000000, 0x0000000100000000)
  region size 1024K, 22 young (22528K), 22 survivors (22528K)
 Metaspace       used 126193K, committed 127040K, reserved 1163264K
  class space    used 17135K, committed 17536K, reserved 1048576K
}
Event: 405.972 GC heap before
{Heap before GC invocations=60 (full 0):
 garbage-first heap   total 380928K, used 194560K [0x0000000080000000, 0x0000000100000000)
  region size 1024K, 24 young (24576K), 22 survivors (22528K)
 Metaspace       used 126310K, committed 127168K, reserved 1163264K
  class space    used 17140K, committed 17536K, reserved 1048576K
}
Event: 406.060 GC heap after
{Heap after GC invocations=61 (full 0):
 garbage-first heap   total 380928K, used 173056K [0x0000000080000000, 0x0000000100000000)
  region size 1024K, 2 young (2048K), 2 survivors (2048K)
 Metaspace       used 126310K, committed 127168K, reserved 1163264K
  class space    used 17140K, committed 17536K, reserved 1048576K
}
Event: 451.400 GC heap before
{Heap before GC invocations=61 (full 0):
 garbage-first heap   total 380928K, used 301056K [0x0000000080000000, 0x0000000100000000)
  region size 1024K, 128 young (131072K), 2 survivors (2048K)
 Metaspace       used 130640K, committed 131520K, reserved 1163264K
  class space    used 17603K, committed 18048K, reserved 1048576K
}
Event: 452.371 GC heap after
{Heap after GC invocations=62 (full 0):
 garbage-first heap   total 380928K, used 175591K [0x0000000080000000, 0x0000000100000000)
  region size 1024K, 5 young (5120K), 5 survivors (5120K)
 Metaspace       used 130640K, committed 131520K, reserved 1163264K
  class space    used 17603K, committed 18048K, reserved 1048576K
}
Event: 454.370 GC heap before
{Heap before GC invocations=62 (full 0):
 garbage-first heap   total 380928K, used 187879K [0x0000000080000000, 0x0000000100000000)
  region size 1024K, 18 young (18432K), 5 survivors (5120K)
 Metaspace       used 130684K, committed 131584K, reserved 1163264K
  class space    used 17605K, committed 18048K, reserved 1048576K
}
Event: 454.476 GC heap after
{Heap after GC invocations=63 (full 0):
 garbage-first heap   total 380928K, used 177573K [0x0000000080000000, 0x0000000100000000)
  region size 1024K, 3 young (3072K), 3 survivors (3072K)
 Metaspace       used 130684K, committed 131584K, reserved 1163264K
  class space    used 17605K, committed 18048K, reserved 1048576K
}
Event: 455.718 GC heap before
{Heap before GC invocations=63 (full 0):
 garbage-first heap   total 380928K, used 191909K [0x0000000080000000, 0x0000000100000000)
  region size 1024K, 18 young (18432K), 3 survivors (3072K)
 Metaspace       used 130795K, committed 131648K, reserved 1163264K
  class space    used 17606K, committed 18048K, reserved 1048576K
}
Event: 455.732 GC heap after
{Heap after GC invocations=64 (full 0):
 garbage-first heap   total 380928K, used 179535K [0x0000000080000000, 0x0000000100000000)
  region size 1024K, 3 young (3072K), 3 survivors (3072K)
 Metaspace       used 130795K, committed 131648K, reserved 1163264K
  class space    used 17606K, committed 18048K, reserved 1048576K
}
Event: 456.846 GC heap before
{Heap before GC invocations=64 (full 0):
 garbage-first heap   total 380928K, used 193871K [0x0000000080000000, 0x0000000100000000)
  region size 1024K, 18 young (18432K), 3 survivors (3072K)
 Metaspace       used 130870K, committed 131776K, reserved 1163264K
  class space    used 17607K, committed 18048K, reserved 1048576K
}
Event: 456.861 GC heap after
{Heap after GC invocations=65 (full 0):
 garbage-first heap   total 380928K, used 182559K [0x0000000080000000, 0x0000000100000000)
  region size 1024K, 3 young (3072K), 3 survivors (3072K)
 Metaspace       used 130870K, committed 131776K, reserved 1163264K
  class space    used 17607K, committed 18048K, reserved 1048576K
}
Event: 457.210 GC heap before
{Heap before GC invocations=65 (full 0):
 garbage-first heap   total 380928K, used 198943K [0x0000000080000000, 0x0000000100000000)
  region size 1024K, 18 young (18432K), 3 survivors (3072K)
 Metaspace       used 130912K, committed 131776K, reserved 1163264K
  class space    used 17609K, committed 18048K, reserved 1048576K
}
Event: 457.233 GC heap after
{Heap after GC invocations=66 (full 0):
 garbage-first heap   total 380928K, used 188945K [0x0000000080000000, 0x0000000100000000)
  region size 1024K, 3 young (3072K), 3 survivors (3072K)
 Metaspace       used 130912K, committed 131776K, reserved 1163264K
  class space    used 17609K, committed 18048K, reserved 1048576K
}
Event: 457.313 GC heap before
{Heap before GC invocations=66 (full 0):
 garbage-first heap   total 380928K, used 203281K [0x0000000080000000, 0x0000000100000000)
  region size 1024K, 18 young (18432K), 3 survivors (3072K)
 Metaspace       used 130941K, committed 131840K, reserved 1163264K
  class space    used 17609K, committed 18048K, reserved 1048576K
}
Event: 457.422 GC heap after
{Heap after GC invocations=67 (full 0):
 garbage-first heap   total 380928K, used 201904K [0x0000000080000000, 0x0000000100000000)
  region size 1024K, 3 young (3072K), 3 survivors (3072K)
 Metaspace       used 130941K, committed 131840K, reserved 1163264K
  class space    used 17609K, committed 18048K, reserved 1048576K
}
Event: 457.807 GC heap before
{Heap before GC invocations=67 (full 0):
 garbage-first heap   total 380928K, used 217264K [0x0000000080000000, 0x0000000100000000)
  region size 1024K, 18 young (18432K), 3 survivors (3072K)
 Metaspace       used 130974K, committed 131840K, reserved 1163264K
  class space    used 17609K, committed 18048K, reserved 1048576K
}
Event: 457.861 GC heap after
{Heap after GC invocations=68 (full 0):
 garbage-first heap   total 380928K, used 206848K [0x0000000080000000, 0x0000000100000000)
  region size 1024K, 3 young (3072K), 3 survivors (3072K)
 Metaspace       used 130974K, committed 131840K, reserved 1163264K
  class space    used 17609K, committed 18048K, reserved 1048576K
}
Event: 459.538 GC heap before
{Heap before GC invocations=68 (full 0):
 garbage-first heap   total 380928K, used 238592K [0x0000000080000000, 0x0000000100000000)
  region size 1024K, 18 young (18432K), 3 survivors (3072K)
 Metaspace       used 131007K, committed 131904K, reserved 1163264K
  class space    used 17610K, committed 18048K, reserved 1048576K
}
Event: 459.696 GC heap after
{Heap after GC invocations=69 (full 0):
 garbage-first heap   total 380928K, used 211968K [0x0000000080000000, 0x0000000100000000)
  region size 1024K, 3 young (3072K), 3 survivors (3072K)
 Metaspace       used 131007K, committed 131904K, reserved 1163264K
  class space    used 17610K, committed 18048K, reserved 1048576K
}
Event: 460.128 GC heap before
{Heap before GC invocations=69 (full 0):
 garbage-first heap   total 380928K, used 226304K [0x0000000080000000, 0x0000000100000000)
  region size 1024K, 18 young (18432K), 3 survivors (3072K)
 Metaspace       used 131074K, committed 131968K, reserved 1163264K
  class space    used 17616K, committed 18048K, reserved 1048576K
}

