# JRE version: OpenJDK Runtime Environment (17.0.6) (build 17.0.6+0-b2043.56-9586694)
# Java VM: OpenJDK 64-Bit Server VM (17.0.6+0-b2043.56-9586694, mixed mode, tiered, compressed oops, compressed class ptrs, g1 gc, windows-amd64)
GC Precious Log:
 CPUs: 4 total, 4 available
 Memory: 3682M
 Large Page Support: Disabled
 NUMA Support: Disabled
 Compressed Oops: Enabled (32-bit)
 Heap Region Size: 1M
 Heap Min Capacity: 8M
 Heap Initial Capacity: 58M
 Heap Max Capacity: 2G
 Pre-touch: Disabled
 Parallel Workers: 4
 Concurrent Workers: 1
 Concurrent Refinement Workers: 4
 Periodic GC: Disabled
Heap:
 garbage-first heap   total 81920K, used 54845K [0x0000000080000000, 0x0000000100000000)
  region size 1024K, 2 young (2048K), 1 survivors (1024K)
 Metaspace       used 29429K, committed 29824K, reserved 1081344K
  class space    used 3986K, committed 4160K, reserved 1048576K
GC Heap History (20 events):
Event: 1.769 GC heap before
{Heap before GC invocations=2 (full 0):
 garbage-first heap   total 59392K, used 28001K [0x0000000080000000, 0x0000000100000000)
  region size 1024K, 20 young (20480K), 3 survivors (3072K)
 Metaspace       used 11179K, committed 11392K, reserved 1064960K
  class space    used 1164K, committed 1280K, reserved 1048576K
}
Event: 1.773 GC heap after
{Heap after GC invocations=3 (full 0):
 garbage-first heap   total 59392K, used 11287K [0x0000000080000000, 0x0000000100000000)
  region size 1024K, 1 young (1024K), 1 survivors (1024K)
 Metaspace       used 11179K, committed 11392K, reserved 1064960K
  class space    used 1164K, committed 1280K, reserved 1048576K
}
Event: 2.952 GC heap before
{Heap before GC invocations=3 (full 0):
 garbage-first heap   total 59392K, used 40983K [0x0000000080000000, 0x0000000100000000)
  region size 1024K, 29 young (29696K), 1 survivors (1024K)
 Metaspace       used 17901K, committed 18176K, reserved 1064960K
  class space    used 2069K, committed 2176K, reserved 1048576K
}
Event: 2.958 GC heap after
{Heap after GC invocations=4 (full 0):
 garbage-first heap   total 59392K, used 17866K [0x0000000080000000, 0x0000000100000000)
  region size 1024K, 4 young (4096K), 4 survivors (4096K)
 Metaspace       used 17901K, committed 18176K, reserved 1064960K
  class space    used 2069K, committed 2176K, reserved 1048576K
}
Event: 3.304 GC heap before
{Heap before GC invocations=4 (full 0):
 garbage-first heap   total 59392K, used 29130K [0x0000000080000000, 0x0000000100000000)
  region size 1024K, 17 young (17408K), 4 survivors (4096K)
 Metaspace       used 21274K, committed 21504K, reserved 1073152K
  class space    used 2566K, committed 2688K, reserved 1048576K
}
Event: 3.307 GC heap after
{Heap after GC invocations=5 (full 0):
 garbage-first heap   total 59392K, used 18972K [0x0000000080000000, 0x0000000100000000)
  region size 1024K, 1 young (1024K), 1 survivors (1024K)
 Metaspace       used 21274K, committed 21504K, reserved 1073152K
  class space    used 2566K, committed 2688K, reserved 1048576K
}
Event: 6.459 GC heap before
{Heap before GC invocations=6 (full 0):
 garbage-first heap   total 59392K, used 39452K [0x0000000080000000, 0x0000000100000000)
  region size 1024K, 22 young (22528K), 1 survivors (1024K)
 Metaspace       used 25036K, committed 25344K, reserved 1073152K
  class space    used 3217K, committed 3392K, reserved 1048576K
}
Event: 6.461 GC heap after
{Heap after GC invocations=7 (full 0):
 garbage-first heap   total 59392K, used 20130K [0x0000000080000000, 0x0000000100000000)
  region size 1024K, 3 young (3072K), 3 survivors (3072K)
 Metaspace       used 25036K, committed 25344K, reserved 1073152K
  class space    used 3217K, committed 3392K, reserved 1048576K
}
Event: 7.497 GC heap before
{Heap before GC invocations=7 (full 0):
 garbage-first heap   total 59392K, used 40610K [0x0000000080000000, 0x0000000100000000)
  region size 1024K, 24 young (24576K), 3 survivors (3072K)
 Metaspace       used 28138K, committed 28416K, reserved 1081344K
  class space    used 3762K, committed 3904K, reserved 1048576K
}
Event: 7.500 GC heap after
{Heap after GC invocations=8 (full 0):
 garbage-first heap   total 59392K, used 21750K [0x0000000080000000, 0x0000000100000000)
  region size 1024K, 3 young (3072K), 3 survivors (3072K)
 Metaspace       used 28138K, committed 28416K, reserved 1081344K
  class space    used 3762K, committed 3904K, reserved 1048576K
}
Event: 8.507 GC heap before
{Heap before GC invocations=8 (full 0):
 garbage-first heap   total 59392K, used 35062K [0x0000000080000000, 0x0000000100000000)
  region size 1024K, 12 young (12288K), 3 survivors (3072K)
 Metaspace       used 29328K, committed 29760K, reserved 1081344K
  class space    used 3969K, committed 4160K, reserved 1048576K
}
Event: 8.511 GC heap after
{Heap after GC invocations=9 (full 0):
 garbage-first heap   total 59392K, used 28704K [0x0000000080000000, 0x0000000100000000)
  region size 1024K, 3 young (3072K), 3 survivors (3072K)
 Metaspace       used 29328K, committed 29760K, reserved 1081344K
  class space    used 3969K, committed 4160K, reserved 1048576K
}
Event: 8.693 GC heap before
{Heap before GC invocations=9 (full 0):
 garbage-first heap   total 59392K, used 32800K [0x0000000080000000, 0x0000000100000000)
  region size 1024K, 5 young (5120K), 3 survivors (3072K)
 Metaspace       used 29420K, committed 29824K, reserved 1081344K
  class space    used 3985K, committed 4160K, reserved 1048576K
}
Event: 8.696 GC heap after
{Heap after GC invocations=10 (full 0):
 garbage-first heap   total 59392K, used 32524K [0x0000000080000000, 0x0000000100000000)
  region size 1024K, 1 young (1024K), 1 survivors (1024K)
 Metaspace       used 29420K, committed 29824K, reserved 1081344K
  class space    used 3985K, committed 4160K, reserved 1048576K
}
Event: 8.755 GC heap before
{Heap before GC invocations=11 (full 0):
 garbage-first heap   total 60416K, used 34572K [0x0000000080000000, 0x0000000100000000)
  region size 1024K, 2 young (2048K), 1 survivors (1024K)
 Metaspace       used 29424K, committed 29824K, reserved 1081344K
  class space    used 3985K, committed 4160K, reserved 1048576K
}
Event: 8.756 GC heap after
{Heap after GC invocations=12 (full 0):
 garbage-first heap   total 60416K, used 35329K [0x0000000080000000, 0x0000000100000000)
  region size 1024K, 2 young (2048K), 2 survivors (2048K)
 Metaspace       used 29424K, committed 29824K, reserved 1081344K
  class space    used 3985K, committed 4160K, reserved 1048576K
}
Event: 8.892 GC heap before
{Heap before GC invocations=13 (full 0):
 garbage-first heap   total 78848K, used 45569K [0x0000000080000000, 0x0000000100000000)
  region size 1024K, 3 young (3072K), 2 survivors (2048K)
 Metaspace       used 29424K, committed 29824K, reserved 1081344K
  class space    used 3985K, committed 4160K, reserved 1048576K
}
Event: 8.894 GC heap after
{Heap after GC invocations=14 (full 0):
 garbage-first heap   total 78848K, used 45460K [0x0000000080000000, 0x0000000100000000)
  region size 1024K, 1 young (1024K), 1 survivors (1024K)
 Metaspace       used 29424K, committed 29824K, reserved 1081344K
  class space    used 3985K, committed 4160K, reserved 1048576K
}
Event: 9.046 GC heap before
{Heap before GC invocations=15 (full 0):
 garbage-first heap   total 81920K, used 53652K [0x0000000080000000, 0x0000000100000000)
  region size 1024K, 2 young (2048K), 1 survivors (1024K)
 Metaspace       used 29424K, committed 29824K, reserved 1081344K
  class space    used 3985K, committed 4160K, reserved 1048576K
}
Event: 9.047 GC heap after
{Heap after GC invocations=16 (full 0):
 garbage-first heap   total 81920K, used 53821K [0x0000000080000000, 0x0000000100000000)
  region size 1024K, 1 young (1024K), 1 survivors (1024K)
 Metaspace       used 29424K, committed 29824K, reserved 1081344K
  class space    used 3985K, committed 4160K, reserved 1048576K
}

