# JRE version: OpenJDK Runtime Environment (17.0.6) (build 17.0.6+0-b2043.56-9586694)
# Java VM: OpenJDK 64-Bit Server VM (17.0.6+0-b2043.56-9586694, mixed mode, tiered, compressed oops, compressed class ptrs, g1 gc, windows-amd64)
GC Precious Log:
 CPUs: 4 total, 4 available
 Memory: 3682M
 Large Page Support: Disabled
 NUMA Support: Disabled
 Compressed Oops: Enabled (32-bit)
 Heap Region Size: 1M
 Heap Min Capacity: 8M
 Heap Initial Capacity: 58M
 Heap Max Capacity: 2G
 Pre-touch: Disabled
 Parallel Workers: 4
 Concurrent Workers: 1
 Concurrent Refinement Workers: 4
 Periodic GC: Disabled
Heap:
 garbage-first heap   total 515072K, used 371712K [0x0000000080000000, 0x0000000100000000)
  region size 1024K, 13 young (13312K), 3 survivors (3072K)
 Metaspace       used 135326K, committed 136384K, reserved 1171456K
  class space    used 18132K, committed 18624K, reserved 1048576K
GC Heap History (20 events):
Event: 1366.445 GC heap before
{Heap before GC invocations=65 (full 0):
 garbage-first heap   total 448512K, used 259584K [0x0000000080000000, 0x0000000100000000)
  region size 1024K, 38 young (38912K), 6 survivors (6144K)
 Metaspace       used 120189K, committed 121152K, reserved 1155072K
  class space    used 16049K, committed 16512K, reserved 1048576K
}
Event: 1366.513 GC heap after
{Heap after GC invocations=66 (full 0):
 garbage-first heap   total 448512K, used 234701K [0x0000000080000000, 0x0000000100000000)
  region size 1024K, 5 young (5120K), 5 survivors (5120K)
 Metaspace       used 120189K, committed 121152K, reserved 1155072K
  class space    used 16049K, committed 16512K, reserved 1048576K
}
Event: 1367.891 GC heap before
{Heap before GC invocations=66 (full 0):
 garbage-first heap   total 448512K, used 270541K [0x0000000080000000, 0x0000000100000000)
  region size 1024K, 41 young (41984K), 5 survivors (5120K)
 Metaspace       used 123114K, committed 124096K, reserved 1163264K
  class space    used 16413K, committed 16896K, reserved 1048576K
}
Event: 1367.984 GC heap after
{Heap after GC invocations=67 (full 0):
 garbage-first heap   total 448512K, used 247593K [0x0000000080000000, 0x0000000100000000)
  region size 1024K, 6 young (6144K), 6 survivors (6144K)
 Metaspace       used 123114K, committed 124096K, reserved 1163264K
  class space    used 16413K, committed 16896K, reserved 1048576K
}
Event: 1370.914 GC heap before
{Heap before GC invocations=67 (full 0):
 garbage-first heap   total 448512K, used 294696K [0x0000000080000000, 0x0000000100000000)
  region size 1024K, 36 young (36864K), 6 survivors (6144K)
 Metaspace       used 125537K, committed 126592K, reserved 1163264K
  class space    used 16683K, committed 17216K, reserved 1048576K
}
Event: 1370.940 GC heap after
{Heap after GC invocations=68 (full 0):
 garbage-first heap   total 448512K, used 254464K [0x0000000080000000, 0x0000000100000000)
  region size 1024K, 5 young (5120K), 5 survivors (5120K)
 Metaspace       used 125537K, committed 126592K, reserved 1163264K
  class space    used 16683K, committed 17216K, reserved 1048576K
}
Event: 1372.119 GC heap before
{Heap before GC invocations=68 (full 0):
 garbage-first heap   total 448512K, used 291328K [0x0000000080000000, 0x0000000100000000)
  region size 1024K, 42 young (43008K), 5 survivors (5120K)
 Metaspace       used 126046K, committed 127104K, reserved 1163264K
  class space    used 16752K, committed 17280K, reserved 1048576K
}
Event: 1372.130 GC heap after
{Heap after GC invocations=69 (full 0):
 garbage-first heap   total 448512K, used 259866K [0x0000000080000000, 0x0000000100000000)
  region size 1024K, 5 young (5120K), 5 survivors (5120K)
 Metaspace       used 126046K, committed 127104K, reserved 1163264K
  class space    used 16752K, committed 17280K, reserved 1048576K
}
Event: 1374.482 GC heap before
{Heap before GC invocations=69 (full 0):
 garbage-first heap   total 448512K, used 313114K [0x0000000080000000, 0x0000000100000000)
  region size 1024K, 58 young (59392K), 5 survivors (5120K)
 Metaspace       used 128674K, committed 129728K, reserved 1163264K
  class space    used 17072K, committed 17600K, reserved 1048576K
}
Event: 1374.520 GC heap after
{Heap after GC invocations=70 (full 0):
 garbage-first heap   total 448512K, used 264887K [0x0000000080000000, 0x0000000100000000)
  region size 1024K, 5 young (5120K), 5 survivors (5120K)
 Metaspace       used 128674K, committed 129728K, reserved 1163264K
  class space    used 17072K, committed 17600K, reserved 1048576K
}
Event: 1375.921 GC heap before
{Heap before GC invocations=70 (full 0):
 garbage-first heap   total 448512K, used 334519K [0x0000000080000000, 0x0000000100000000)
  region size 1024K, 74 young (75776K), 5 survivors (5120K)
 Metaspace       used 128820K, committed 129856K, reserved 1163264K
  class space    used 17086K, committed 17600K, reserved 1048576K
}
Event: 1375.958 GC heap after
{Heap after GC invocations=71 (full 0):
 garbage-first heap   total 448512K, used 270001K [0x0000000080000000, 0x0000000100000000)
  region size 1024K, 10 young (10240K), 10 survivors (10240K)
 Metaspace       used 128820K, committed 129856K, reserved 1163264K
  class space    used 17086K, committed 17600K, reserved 1048576K
}
Event: 1378.473 GC heap before
{Heap before GC invocations=71 (full 0):
 garbage-first heap   total 448512K, used 386737K [0x0000000080000000, 0x0000000100000000)
  region size 1024K, 87 young (89088K), 10 survivors (10240K)
 Metaspace       used 132588K, committed 133696K, reserved 1171456K
  class space    used 17597K, committed 18112K, reserved 1048576K
}
Event: 1378.545 GC heap after
{Heap after GC invocations=72 (full 0):
 garbage-first heap   total 448512K, used 311620K [0x0000000080000000, 0x0000000100000000)
  region size 1024K, 11 young (11264K), 11 survivors (11264K)
 Metaspace       used 132588K, committed 133696K, reserved 1171456K
  class space    used 17597K, committed 18112K, reserved 1048576K
}
Event: 1380.335 GC heap before
{Heap before GC invocations=72 (full 0):
 garbage-first heap   total 448512K, used 409924K [0x0000000080000000, 0x0000000100000000)
  region size 1024K, 66 young (67584K), 11 survivors (11264K)
 Metaspace       used 132919K, committed 134016K, reserved 1171456K
  class space    used 17644K, committed 18176K, reserved 1048576K
}
Event: 1380.416 GC heap after
{Heap after GC invocations=73 (full 0):
 garbage-first heap   total 448512K, used 347809K [0x0000000080000000, 0x0000000100000000)
  region size 1024K, 9 young (9216K), 9 survivors (9216K)
 Metaspace       used 132919K, committed 134016K, reserved 1171456K
  class space    used 17644K, committed 18176K, reserved 1048576K
}
Event: 1380.806 GC heap before
{Heap before GC invocations=73 (full 0):
 garbage-first heap   total 448512K, used 382625K [0x0000000080000000, 0x0000000100000000)
  region size 1024K, 41 young (41984K), 9 survivors (9216K)
 Metaspace       used 132940K, committed 134016K, reserved 1171456K
  class space    used 17645K, committed 18176K, reserved 1048576K
}
Event: 1380.887 GC heap after
{Heap after GC invocations=74 (full 0):
 garbage-first heap   total 448512K, used 364032K [0x0000000080000000, 0x0000000100000000)
  region size 1024K, 6 young (6144K), 6 survivors (6144K)
 Metaspace       used 132940K, committed 134016K, reserved 1171456K
  class space    used 17645K, committed 18176K, reserved 1048576K
}
Event: 1381.294 GC heap before
{Heap before GC invocations=74 (full 0):
 garbage-first heap   total 448512K, used 380416K [0x0000000080000000, 0x0000000100000000)
  region size 1024K, 23 young (23552K), 6 survivors (6144K)
 Metaspace       used 133675K, committed 134720K, reserved 1171456K
  class space    used 17754K, committed 18240K, reserved 1048576K
}
Event: 1381.322 GC heap after
{Heap after GC invocations=75 (full 0):
 garbage-first heap   total 515072K, used 370688K [0x0000000080000000, 0x0000000100000000)
  region size 1024K, 3 young (3072K), 3 survivors (3072K)
 Metaspace       used 133675K, committed 134720K, reserved 1171456K
  class space    used 17754K, committed 18240K, reserved 1048576K
}

