# JRE version: OpenJDK Runtime Environment (17.0.6) (build 17.0.6+0-b2043.56-9586694)
# Java VM: OpenJDK 64-Bit Server VM (17.0.6+0-b2043.56-9586694, mixed mode, tiered, compressed oops, compressed class ptrs, g1 gc, windows-amd64)
GC Precious Log:
 CPUs: 4 total, 4 available
 Memory: 3682M
 Large Page Support: Disabled
 NUMA Support: Disabled
 Compressed Oops: Enabled (32-bit)
 Heap Region Size: 1M
 Heap Min Capacity: 8M
 Heap Initial Capacity: 58M
 Heap Max Capacity: 2G
 Pre-touch: Disabled
 Parallel Workers: 4
 Concurrent Workers: 1
 Concurrent Refinement Workers: 4
 Periodic GC: Disabled
Heap:
 garbage-first heap   total 376832K, used 128674K [0x0000000080000000, 0x0000000100000000)
  region size 1024K, 1 young (1024K), 1 survivors (1024K)
 Metaspace       used 108349K, committed 109120K, reserved 1146880K
  class space    used 14740K, committed 15104K, reserved 1048576K
GC Heap History (20 events):
Event: 137.765 GC heap after
{Heap after GC invocations=63 (full 0):
 garbage-first heap   total 168960K, used 91136K [0x0000000080000000, 0x0000000100000000)
  region size 1024K, 1 young (1024K), 1 survivors (1024K)
 Metaspace       used 88996K, committed 89728K, reserved 1130496K
  class space    used 12134K, committed 12480K, reserved 1048576K
}
Event: 143.359 GC heap before
{Heap before GC invocations=63 (full 0):
 garbage-first heap   total 168960K, used 134144K [0x0000000080000000, 0x0000000100000000)
  region size 1024K, 44 young (45056K), 1 survivors (1024K)
 Metaspace       used 89293K, committed 89920K, reserved 1130496K
  class space    used 12142K, committed 12480K, reserved 1048576K
}
Event: 143.541 GC heap after
{Heap after GC invocations=64 (full 0):
 garbage-first heap   total 168960K, used 96024K [0x0000000080000000, 0x0000000100000000)
  region size 1024K, 6 young (6144K), 6 survivors (6144K)
 Metaspace       used 89293K, committed 89920K, reserved 1130496K
  class space    used 12142K, committed 12480K, reserved 1048576K
}
Event: 147.715 GC heap before
{Heap before GC invocations=65 (full 0):
 garbage-first heap   total 184320K, used 120600K [0x0000000080000000, 0x0000000100000000)
  region size 1024K, 30 young (30720K), 6 survivors (6144K)
 Metaspace       used 89546K, committed 90176K, reserved 1130496K
  class space    used 12169K, committed 12480K, reserved 1048576K
}
Event: 147.794 GC heap after
{Heap after GC invocations=66 (full 0):
 garbage-first heap   total 184320K, used 97431K [0x0000000080000000, 0x0000000100000000)
  region size 1024K, 3 young (3072K), 3 survivors (3072K)
 Metaspace       used 89546K, committed 90176K, reserved 1130496K
  class space    used 12169K, committed 12480K, reserved 1048576K
}
Event: 147.899 GC heap before
{Heap before GC invocations=66 (full 0):
 garbage-first heap   total 184320K, used 102551K [0x0000000080000000, 0x0000000100000000)
  region size 1024K, 9 young (9216K), 3 survivors (3072K)
 Metaspace       used 89560K, committed 90240K, reserved 1130496K
  class space    used 12169K, committed 12480K, reserved 1048576K
}
Event: 147.945 GC heap after
{Heap after GC invocations=67 (full 0):
 garbage-first heap   total 452608K, used 96683K [0x0000000080000000, 0x0000000100000000)
  region size 1024K, 1 young (1024K), 1 survivors (1024K)
 Metaspace       used 89560K, committed 90240K, reserved 1130496K
  class space    used 12169K, committed 12480K, reserved 1048576K
}
Event: 150.237 GC heap before
{Heap before GC invocations=67 (full 0):
 garbage-first heap   total 452608K, used 174507K [0x0000000080000000, 0x0000000100000000)
  region size 1024K, 78 young (79872K), 1 survivors (1024K)
 Metaspace       used 90557K, committed 91200K, reserved 1130496K
  class space    used 12318K, committed 12608K, reserved 1048576K
}
Event: 150.246 GC heap after
{Heap after GC invocations=68 (full 0):
 garbage-first heap   total 452608K, used 103310K [0x0000000080000000, 0x0000000100000000)
  region size 1024K, 8 young (8192K), 8 survivors (8192K)
 Metaspace       used 90557K, committed 91200K, reserved 1130496K
  class space    used 12318K, committed 12608K, reserved 1048576K
}
Event: 153.195 GC heap before
{Heap before GC invocations=69 (full 0):
 garbage-first heap   total 358400K, used 171918K [0x0000000080000000, 0x0000000100000000)
  region size 1024K, 76 young (77824K), 8 survivors (8192K)
 Metaspace       used 97942K, committed 98624K, reserved 1138688K
  class space    used 13291K, committed 13632K, reserved 1048576K
}
Event: 153.270 GC heap after
{Heap after GC invocations=70 (full 0):
 garbage-first heap   total 358400K, used 108761K [0x0000000080000000, 0x0000000100000000)
  region size 1024K, 6 young (6144K), 6 survivors (6144K)
 Metaspace       used 97942K, committed 98624K, reserved 1138688K
  class space    used 13291K, committed 13632K, reserved 1048576K
}
Event: 153.438 GC heap before
{Heap before GC invocations=70 (full 0):
 garbage-first heap   total 358400K, used 120025K [0x0000000080000000, 0x0000000100000000)
  region size 1024K, 17 young (17408K), 6 survivors (6144K)
 Metaspace       used 97948K, committed 98624K, reserved 1138688K
  class space    used 13291K, committed 13632K, reserved 1048576K
}
Event: 153.480 GC heap after
{Heap after GC invocations=71 (full 0):
 garbage-first heap   total 358400K, used 109568K [0x0000000080000000, 0x0000000100000000)
  region size 1024K, 2 young (2048K), 2 survivors (2048K)
 Metaspace       used 97948K, committed 98624K, reserved 1138688K
  class space    used 13291K, committed 13632K, reserved 1048576K
}
Event: 198.828 GC heap before
{Heap before GC invocations=71 (full 0):
 garbage-first heap   total 358400K, used 246784K [0x0000000080000000, 0x0000000100000000)
  region size 1024K, 138 young (141312K), 2 survivors (2048K)
 Metaspace       used 100928K, committed 101696K, reserved 1138688K
  class space    used 13652K, committed 14016K, reserved 1048576K
}
Event: 199.689 GC heap after
{Heap after GC invocations=72 (full 0):
 garbage-first heap   total 358400K, used 121332K [0x0000000080000000, 0x0000000100000000)
  region size 1024K, 14 young (14336K), 14 survivors (14336K)
 Metaspace       used 100928K, committed 101696K, reserved 1138688K
  class space    used 13652K, committed 14016K, reserved 1048576K
}
Event: 200.171 GC heap before
{Heap before GC invocations=72 (full 0):
 garbage-first heap   total 358400K, used 126452K [0x0000000080000000, 0x0000000100000000)
  region size 1024K, 17 young (17408K), 14 survivors (14336K)
 Metaspace       used 101094K, committed 101824K, reserved 1138688K
  class space    used 13682K, committed 14016K, reserved 1048576K
}
Event: 200.308 GC heap after
{Heap after GC invocations=73 (full 0):
 garbage-first heap   total 358400K, used 125278K [0x0000000080000000, 0x0000000100000000)
  region size 1024K, 2 young (2048K), 2 survivors (2048K)
 Metaspace       used 101094K, committed 101824K, reserved 1138688K
  class space    used 13682K, committed 14016K, reserved 1048576K
}
Event: 203.865 GC heap before
{Heap before GC invocations=74 (full 0):
 garbage-first heap   total 358400K, used 152926K [0x0000000080000000, 0x0000000100000000)
  region size 1024K, 30 young (30720K), 2 survivors (2048K)
 Metaspace       used 104762K, committed 105472K, reserved 1146880K
  class space    used 14196K, committed 14528K, reserved 1048576K
}
Event: 203.888 GC heap after
{Heap after GC invocations=75 (full 0):
 garbage-first heap   total 358400K, used 129536K [0x0000000080000000, 0x0000000100000000)
  region size 1024K, 4 young (4096K), 4 survivors (4096K)
 Metaspace       used 104762K, committed 105472K, reserved 1146880K
  class space    used 14196K, committed 14528K, reserved 1048576K
}
Event: 204.270 GC heap before
{Heap before GC invocations=75 (full 0):
 garbage-first heap   total 358400K, used 141824K [0x0000000080000000, 0x0000000100000000)
  region size 1024K, 17 young (17408K), 4 survivors (4096K)
 Metaspace       used 108349K, committed 109120K, reserved 1146880K
  class space    used 14740K, committed 15104K, reserved 1048576K
}

