# JRE version: OpenJDK Runtime Environment (17.0.6) (build 17.0.6+0-b2043.56-9586694)
# Java VM: OpenJDK 64-Bit Server VM (17.0.6+0-b2043.56-9586694, mixed mode, tiered, compressed oops, compressed class ptrs, g1 gc, windows-amd64)
GC Precious Log:
 CPUs: 4 total, 4 available
 Memory: 3682M
 Large Page Support: Disabled
 NUMA Support: Disabled
 Compressed Oops: Enabled (32-bit)
 Heap Region Size: 1M
 Heap Min Capacity: 8M
 Heap Initial Capacity: 58M
 Heap Max Capacity: 2G
 Pre-touch: Disabled
 Parallel Workers: 4
 Concurrent Workers: 1
 Concurrent Refinement Workers: 4
 Periodic GC: Disabled
Heap:
 garbage-first heap   total 402432K, used 292042K [0x0000000080000000, 0x0000000100000000)
  region size 1024K, 115 young (117760K), 13 survivors (13312K)
 Metaspace       used 100112K, committed 100800K, reserved 1138688K
  class space    used 13584K, committed 13952K, reserved 1048576K
GC Heap History (20 events):
Event: 26.535 GC heap before
{Heap before GC invocations=36 (full 0):
 garbage-first heap   total 137216K, used 111482K [0x0000000080000000, 0x0000000100000000)
  region size 1024K, 38 young (38912K), 4 survivors (4096K)
 Metaspace       used 86216K, committed 86912K, reserved 1130496K
  class space    used 11696K, committed 12032K, reserved 1048576K
}
Event: 26.573 GC heap after
{Heap after GC invocations=37 (full 0):
 garbage-first heap   total 178176K, used 81429K [0x0000000080000000, 0x0000000100000000)
  region size 1024K, 5 young (5120K), 5 survivors (5120K)
 Metaspace       used 86216K, committed 86912K, reserved 1130496K
  class space    used 11696K, committed 12032K, reserved 1048576K
}
Event: 30.396 GC heap before
{Heap before GC invocations=38 (full 0):
 garbage-first heap   total 188416K, used 141845K [0x0000000080000000, 0x0000000100000000)
  region size 1024K, 64 young (65536K), 5 survivors (5120K)
 Metaspace       used 88525K, committed 89152K, reserved 1130496K
  class space    used 12116K, committed 12416K, reserved 1048576K
}
Event: 30.429 GC heap after
{Heap after GC invocations=39 (full 0):
 garbage-first heap   total 188416K, used 89456K [0x0000000080000000, 0x0000000100000000)
  region size 1024K, 8 young (8192K), 8 survivors (8192K)
 Metaspace       used 88525K, committed 89152K, reserved 1130496K
  class space    used 12116K, committed 12416K, reserved 1048576K
}
Event: 30.475 GC heap before
{Heap before GC invocations=39 (full 0):
 garbage-first heap   total 188416K, used 90480K [0x0000000080000000, 0x0000000100000000)
  region size 1024K, 9 young (9216K), 8 survivors (8192K)
 Metaspace       used 88533K, committed 89152K, reserved 1130496K
  class space    used 12116K, committed 12416K, reserved 1048576K
}
Event: 30.497 GC heap after
{Heap after GC invocations=40 (full 0):
 garbage-first heap   total 188416K, used 90645K [0x0000000080000000, 0x0000000100000000)
  region size 1024K, 2 young (2048K), 2 survivors (2048K)
 Metaspace       used 88533K, committed 89152K, reserved 1130496K
  class space    used 12116K, committed 12416K, reserved 1048576K
}
Event: 32.135 GC heap before
{Heap before GC invocations=40 (full 0):
 garbage-first heap   total 188416K, used 144917K [0x0000000080000000, 0x0000000100000000)
  region size 1024K, 56 young (57344K), 2 survivors (2048K)
 Metaspace       used 88901K, committed 89536K, reserved 1130496K
  class space    used 12120K, committed 12416K, reserved 1048576K
}
Event: 32.143 GC heap after
{Heap after GC invocations=41 (full 0):
 garbage-first heap   total 188416K, used 94674K [0x0000000080000000, 0x0000000100000000)
  region size 1024K, 6 young (6144K), 6 survivors (6144K)
 Metaspace       used 88901K, committed 89536K, reserved 1130496K
  class space    used 12120K, committed 12416K, reserved 1048576K
}
Event: 33.628 GC heap before
{Heap before GC invocations=41 (full 0):
 garbage-first heap   total 188416K, used 146898K [0x0000000080000000, 0x0000000100000000)
  region size 1024K, 58 young (59392K), 6 survivors (6144K)
 Metaspace       used 89425K, committed 90048K, reserved 1130496K
  class space    used 12156K, committed 12416K, reserved 1048576K
}
Event: 33.989 GC heap after
{Heap after GC invocations=42 (full 0):
 garbage-first heap   total 188416K, used 98210K [0x0000000080000000, 0x0000000100000000)
  region size 1024K, 6 young (6144K), 6 survivors (6144K)
 Metaspace       used 89425K, committed 90048K, reserved 1130496K
  class space    used 12156K, committed 12416K, reserved 1048576K
}
Event: 35.461 GC heap before
{Heap before GC invocations=42 (full 0):
 garbage-first heap   total 188416K, used 149410K [0x0000000080000000, 0x0000000100000000)
  region size 1024K, 57 young (58368K), 6 survivors (6144K)
 Metaspace       used 90644K, committed 91264K, reserved 1130496K
  class space    used 12266K, committed 12544K, reserved 1048576K
}
Event: 35.479 GC heap after
{Heap after GC invocations=43 (full 0):
 garbage-first heap   total 188416K, used 102328K [0x0000000080000000, 0x0000000100000000)
  region size 1024K, 6 young (6144K), 6 survivors (6144K)
 Metaspace       used 90644K, committed 91264K, reserved 1130496K
  class space    used 12266K, committed 12544K, reserved 1048576K
}
Event: 36.062 GC heap before
{Heap before GC invocations=43 (full 0):
 garbage-first heap   total 188416K, used 151480K [0x0000000080000000, 0x0000000100000000)
  region size 1024K, 55 young (56320K), 6 survivors (6144K)
 Metaspace       used 91894K, committed 92544K, reserved 1130496K
  class space    used 12455K, committed 12736K, reserved 1048576K
}
Event: 36.083 GC heap after
{Heap after GC invocations=44 (full 0):
 garbage-first heap   total 188416K, used 105193K [0x0000000080000000, 0x0000000100000000)
  region size 1024K, 5 young (5120K), 5 survivors (5120K)
 Metaspace       used 91894K, committed 92544K, reserved 1130496K
  class space    used 12455K, committed 12736K, reserved 1048576K
}
Event: 36.480 GC heap before
{Heap before GC invocations=44 (full 0):
 garbage-first heap   total 188416K, used 153321K [0x0000000080000000, 0x0000000100000000)
  region size 1024K, 53 young (54272K), 5 survivors (5120K)
 Metaspace       used 93927K, committed 94592K, reserved 1138688K
  class space    used 12692K, committed 12992K, reserved 1048576K
}
Event: 36.510 GC heap after
{Heap after GC invocations=45 (full 0):
 garbage-first heap   total 188416K, used 108866K [0x0000000080000000, 0x0000000100000000)
  region size 1024K, 5 young (5120K), 5 survivors (5120K)
 Metaspace       used 93927K, committed 94592K, reserved 1138688K
  class space    used 12692K, committed 12992K, reserved 1048576K
}
Event: 36.792 GC heap before
{Heap before GC invocations=45 (full 0):
 garbage-first heap   total 188416K, used 137538K [0x0000000080000000, 0x0000000100000000)
  region size 1024K, 25 young (25600K), 5 survivors (5120K)
 Metaspace       used 95224K, committed 95872K, reserved 1138688K
  class space    used 12884K, committed 13184K, reserved 1048576K
}
Event: 36.837 GC heap after
{Heap after GC invocations=46 (full 0):
 garbage-first heap   total 402432K, used 122314K [0x0000000080000000, 0x0000000100000000)
  region size 1024K, 4 young (4096K), 4 survivors (4096K)
 Metaspace       used 95224K, committed 95872K, reserved 1138688K
  class space    used 12884K, committed 13184K, reserved 1048576K
}
Event: 37.709 GC heap before
{Heap before GC invocations=46 (full 0):
 garbage-first heap   total 402432K, used 201162K [0x0000000080000000, 0x0000000100000000)
  region size 1024K, 38 young (38912K), 4 survivors (4096K)
 Metaspace       used 98908K, committed 99648K, reserved 1138688K
  class space    used 13400K, committed 13760K, reserved 1048576K
}
Event: 37.811 GC heap after
{Heap after GC invocations=47 (full 0):
 garbage-first heap   total 402432K, used 159946K [0x0000000080000000, 0x0000000100000000)
  region size 1024K, 13 young (13312K), 13 survivors (13312K)
 Metaspace       used 98908K, committed 99648K, reserved 1138688K
  class space    used 13400K, committed 13760K, reserved 1048576K
}

