# JRE version: OpenJDK Runtime Environment (17.0.6) (build 17.0.6+0-b2043.56-9586694)
# Java VM: OpenJDK 64-Bit Server VM (17.0.6+0-b2043.56-9586694, mixed mode, tiered, compressed oops, compressed class ptrs, g1 gc, windows-amd64)
GC Precious Log:
 CPUs: 4 total, 4 available
 Memory: 3682M
 Large Page Support: Disabled
 NUMA Support: Disabled
 Compressed Oops: Enabled (32-bit)
 Heap Region Size: 1M
 Heap Min Capacity: 8M
 Heap Initial Capacity: 58M
 Heap Max Capacity: 2G
 Pre-touch: Disabled
 Parallel Workers: 4
 Concurrent Workers: 1
 Concurrent Refinement Workers: 4
 Periodic GC: Disabled
Heap:
 garbage-first heap   total 337920K, used 133272K [0x0000000080000000, 0x0000000100000000)
  region size 1024K, 4 young (4096K), 4 survivors (4096K)
 Metaspace       used 109631K, committed 110400K, reserved 1146880K
  class space    used 14700K, committed 15040K, reserved 1048576K
GC Heap History (20 events):
Event: 19.096 GC heap after
{Heap after GC invocations=36 (full 0):
 garbage-first heap   total 124928K, used 64988K [0x0000000080000000, 0x0000000100000000)
  region size 1024K, 3 young (3072K), 3 survivors (3072K)
 Metaspace       used 73829K, committed 74368K, reserved 1114112K
  class space    used 9714K, committed 9984K, reserved 1048576K
}
Event: 20.283 GC heap before
{Heap before GC invocations=37 (full 0):
 garbage-first heap   total 124928K, used 98780K [0x0000000080000000, 0x0000000100000000)
  region size 1024K, 36 young (36864K), 3 survivors (3072K)
 Metaspace       used 75925K, committed 76480K, reserved 1122304K
  class space    used 9999K, committed 10240K, reserved 1048576K
}
Event: 20.288 GC heap after
{Heap after GC invocations=38 (full 0):
 garbage-first heap   total 124928K, used 67529K [0x0000000080000000, 0x0000000100000000)
  region size 1024K, 5 young (5120K), 5 survivors (5120K)
 Metaspace       used 75925K, committed 76480K, reserved 1122304K
  class space    used 9999K, committed 10240K, reserved 1048576K
}
Event: 20.295 GC heap before
{Heap before GC invocations=38 (full 0):
 garbage-first heap   total 124928K, used 68553K [0x0000000080000000, 0x0000000100000000)
  region size 1024K, 6 young (6144K), 5 survivors (5120K)
 Metaspace       used 75925K, committed 76480K, reserved 1122304K
  class space    used 9999K, committed 10240K, reserved 1048576K
}
Event: 20.302 GC heap after
{Heap after GC invocations=39 (full 0):
 garbage-first heap   total 124928K, used 67462K [0x0000000080000000, 0x0000000100000000)
  region size 1024K, 1 young (1024K), 1 survivors (1024K)
 Metaspace       used 75925K, committed 76480K, reserved 1122304K
  class space    used 9999K, committed 10240K, reserved 1048576K
}
Event: 21.242 GC heap before
{Heap before GC invocations=39 (full 0):
 garbage-first heap   total 124928K, used 99206K [0x0000000080000000, 0x0000000100000000)
  region size 1024K, 32 young (32768K), 1 survivors (1024K)
 Metaspace       used 77156K, committed 77760K, reserved 1122304K
  class space    used 10147K, committed 10432K, reserved 1048576K
}
Event: 21.246 GC heap after
{Heap after GC invocations=40 (full 0):
 garbage-first heap   total 337920K, used 70374K [0x0000000080000000, 0x0000000100000000)
  region size 1024K, 4 young (4096K), 4 survivors (4096K)
 Metaspace       used 77156K, committed 77760K, reserved 1122304K
  class space    used 10147K, committed 10432K, reserved 1048576K
}
Event: 26.731 GC heap before
{Heap before GC invocations=40 (full 0):
 garbage-first heap   total 337920K, used 261862K [0x0000000080000000, 0x0000000100000000)
  region size 1024K, 191 young (195584K), 4 survivors (4096K)
 Metaspace       used 92842K, committed 93504K, reserved 1130496K
  class space    used 12637K, committed 12928K, reserved 1048576K
}
Event: 27.211 GC heap after
{Heap after GC invocations=41 (full 0):
 garbage-first heap   total 337920K, used 88882K [0x0000000080000000, 0x0000000100000000)
  region size 1024K, 22 young (22528K), 22 survivors (22528K)
 Metaspace       used 92842K, committed 93504K, reserved 1130496K
  class space    used 12637K, committed 12928K, reserved 1048576K
}
Event: 33.323 GC heap before
{Heap before GC invocations=41 (full 0):
 garbage-first heap   total 337920K, used 164658K [0x0000000080000000, 0x0000000100000000)
  region size 1024K, 97 young (99328K), 22 survivors (22528K)
 Metaspace       used 94609K, committed 95232K, reserved 1138688K
  class space    used 12877K, committed 13184K, reserved 1048576K
}
Event: 33.487 GC heap after
{Heap after GC invocations=42 (full 0):
 garbage-first heap   total 337920K, used 96942K [0x0000000080000000, 0x0000000100000000)
  region size 1024K, 8 young (8192K), 8 survivors (8192K)
 Metaspace       used 94609K, committed 95232K, reserved 1138688K
  class space    used 12877K, committed 13184K, reserved 1048576K
}
Event: 38.333 GC heap before
{Heap before GC invocations=42 (full 0):
 garbage-first heap   total 337920K, used 201390K [0x0000000080000000, 0x0000000100000000)
  region size 1024K, 92 young (94208K), 8 survivors (8192K)
 Metaspace       used 101129K, committed 101888K, reserved 1138688K
  class space    used 13644K, committed 14016K, reserved 1048576K
}
Event: 38.399 GC heap after
{Heap after GC invocations=43 (full 0):
 garbage-first heap   total 337920K, used 115712K [0x0000000080000000, 0x0000000100000000)
  region size 1024K, 12 young (12288K), 12 survivors (12288K)
 Metaspace       used 101129K, committed 101888K, reserved 1138688K
  class space    used 13644K, committed 14016K, reserved 1048576K
}
Event: 40.869 GC heap before
{Heap before GC invocations=43 (full 0):
 garbage-first heap   total 337920K, used 173056K [0x0000000080000000, 0x0000000100000000)
  region size 1024K, 69 young (70656K), 12 survivors (12288K)
 Metaspace       used 103944K, committed 104576K, reserved 1146880K
  class space    used 13956K, committed 14272K, reserved 1048576K
}
Event: 40.887 GC heap after
{Heap after GC invocations=44 (full 0):
 garbage-first heap   total 337920K, used 120832K [0x0000000080000000, 0x0000000100000000)
  region size 1024K, 7 young (7168K), 7 survivors (7168K)
 Metaspace       used 103944K, committed 104576K, reserved 1146880K
  class space    used 13956K, committed 14272K, reserved 1048576K
}
Event: 59.726 GC heap before
{Heap before GC invocations=44 (full 0):
 garbage-first heap   total 337920K, used 258048K [0x0000000080000000, 0x0000000100000000)
  region size 1024K, 142 young (145408K), 7 survivors (7168K)
 Metaspace       used 108366K, committed 109056K, reserved 1146880K
  class space    used 14518K, committed 14848K, reserved 1048576K
}
Event: 60.229 GC heap after
{Heap after GC invocations=45 (full 0):
 garbage-first heap   total 337920K, used 129225K [0x0000000080000000, 0x0000000100000000)
  region size 1024K, 15 young (15360K), 15 survivors (15360K)
 Metaspace       used 108366K, committed 109056K, reserved 1146880K
  class space    used 14518K, committed 14848K, reserved 1048576K
}
Event: 60.490 GC heap before
{Heap before GC invocations=45 (full 0):
 garbage-first heap   total 337920K, used 130249K [0x0000000080000000, 0x0000000100000000)
  region size 1024K, 16 young (16384K), 15 survivors (15360K)
 Metaspace       used 108389K, committed 109056K, reserved 1146880K
  class space    used 14524K, committed 14848K, reserved 1048576K
}
Event: 60.965 GC heap after
{Heap after GC invocations=46 (full 0):
 garbage-first heap   total 337920K, used 131224K [0x0000000080000000, 0x0000000100000000)
  region size 1024K, 2 young (2048K), 2 survivors (2048K)
 Metaspace       used 108389K, committed 109056K, reserved 1146880K
  class space    used 14524K, committed 14848K, reserved 1048576K
}
Event: 70.191 GC heap before
{Heap before GC invocations=46 (full 0):
 garbage-first heap   total 337920K, used 170136K [0x0000000080000000, 0x0000000100000000)
  region size 1024K, 41 young (41984K), 2 survivors (2048K)
 Metaspace       used 109631K, committed 110400K, reserved 1146880K
  class space    used 14700K, committed 15040K, reserved 1048576K
}

