# JRE version: OpenJDK Runtime Environment (17.0.6) (build 17.0.6+0-b2043.56-9586694)
# Java VM: OpenJDK 64-Bit Server VM (17.0.6+0-b2043.56-9586694, mixed mode, tiered, compressed oops, compressed class ptrs, g1 gc, windows-amd64)
GC Precious Log:
 CPUs: 4 total, 4 available
 Memory: 3682M
 Large Page Support: Disabled
 NUMA Support: Disabled
 Compressed Oops: Enabled (32-bit)
 Heap Region Size: 1M
 Heap Min Capacity: 8M
 Heap Initial Capacity: 58M
 Heap Max Capacity: 2G
 Pre-touch: Disabled
 Parallel Workers: 4
 Concurrent Workers: 1
 Concurrent Refinement Workers: 4
 Periodic GC: Disabled
Heap:
 garbage-first heap   total 394240K, used 260608K [0x0000000080000000, 0x0000000100000000)
  region size 1024K, 11 young (11264K), 11 survivors (11264K)
 Metaspace       used 101909K, committed 102592K, reserved 1138688K
  class space    used 13960K, committed 14336K, reserved 1048576K
GC Heap History (20 events):
Event: 23.027 GC heap after
{Heap after GC invocations=37 (full 0):
 garbage-first heap   total 147456K, used 62463K [0x0000000080000000, 0x0000000100000000)
  region size 1024K, 1 young (1024K), 1 survivors (1024K)
 Metaspace       used 62705K, committed 63296K, reserved 1105920K
  class space    used 8290K, committed 8576K, reserved 1048576K
}
Event: 23.653 GC heap before
{Heap before GC invocations=37 (full 0):
 garbage-first heap   total 147456K, used 109567K [0x0000000080000000, 0x0000000100000000)
  region size 1024K, 45 young (46080K), 1 survivors (1024K)
 Metaspace       used 66606K, committed 67200K, reserved 1114112K
  class space    used 8783K, committed 9024K, reserved 1048576K
}
Event: 23.681 GC heap after
{Heap after GC invocations=38 (full 0):
 garbage-first heap   total 147456K, used 66330K [0x0000000080000000, 0x0000000100000000)
  region size 1024K, 4 young (4096K), 4 survivors (4096K)
 Metaspace       used 66606K, committed 67200K, reserved 1114112K
  class space    used 8783K, committed 9024K, reserved 1048576K
}
Event: 23.872 GC heap before
{Heap before GC invocations=38 (full 0):
 garbage-first heap   total 147456K, used 69402K [0x0000000080000000, 0x0000000100000000)
  region size 1024K, 8 young (8192K), 4 survivors (4096K)
 Metaspace       used 66917K, committed 67520K, reserved 1114112K
  class space    used 8808K, committed 9088K, reserved 1048576K
}
Event: 23.885 GC heap after
{Heap after GC invocations=39 (full 0):
 garbage-first heap   total 147456K, used 67012K [0x0000000080000000, 0x0000000100000000)
  region size 1024K, 5 young (5120K), 5 survivors (5120K)
 Metaspace       used 66917K, committed 67520K, reserved 1114112K
  class space    used 8808K, committed 9088K, reserved 1048576K
}
Event: 25.163 GC heap before
{Heap before GC invocations=40 (full 0):
 garbage-first heap   total 147456K, used 114116K [0x0000000080000000, 0x0000000100000000)
  region size 1024K, 52 young (53248K), 5 survivors (5120K)
 Metaspace       used 70235K, committed 70784K, reserved 1114112K
  class space    used 9267K, committed 9536K, reserved 1048576K
}
Event: 25.183 GC heap after
{Heap after GC invocations=41 (full 0):
 garbage-first heap   total 147456K, used 66823K [0x0000000080000000, 0x0000000100000000)
  region size 1024K, 4 young (4096K), 4 survivors (4096K)
 Metaspace       used 70235K, committed 70784K, reserved 1114112K
  class space    used 9267K, committed 9536K, reserved 1048576K
}
Event: 25.201 GC heap before
{Heap before GC invocations=41 (full 0):
 garbage-first heap   total 147456K, used 69895K [0x0000000080000000, 0x0000000100000000)
  region size 1024K, 7 young (7168K), 4 survivors (4096K)
 Metaspace       used 70266K, committed 70784K, reserved 1114112K
  class space    used 9272K, committed 9536K, reserved 1048576K
}
Event: 25.206 GC heap after
{Heap after GC invocations=42 (full 0):
 garbage-first heap   total 368640K, used 66945K [0x0000000080000000, 0x0000000100000000)
  region size 1024K, 1 young (1024K), 1 survivors (1024K)
 Metaspace       used 70266K, committed 70784K, reserved 1114112K
  class space    used 9272K, committed 9536K, reserved 1048576K
}
Event: 28.698 GC heap before
{Heap before GC invocations=42 (full 0):
 garbage-first heap   total 368640K, used 274817K [0x0000000080000000, 0x0000000100000000)
  region size 1024K, 204 young (208896K), 1 survivors (1024K)
 Metaspace       used 86276K, committed 86848K, reserved 1130496K
  class space    used 11701K, committed 11968K, reserved 1048576K
}
Event: 28.739 GC heap after
{Heap after GC invocations=43 (full 0):
 garbage-first heap   total 368640K, used 86136K [0x0000000080000000, 0x0000000100000000)
  region size 1024K, 20 young (20480K), 20 survivors (20480K)
 Metaspace       used 86276K, committed 86848K, reserved 1130496K
  class space    used 11701K, committed 11968K, reserved 1048576K
}
Event: 33.694 GC heap before
{Heap before GC invocations=43 (full 0):
 garbage-first heap   total 368640K, used 269432K [0x0000000080000000, 0x0000000100000000)
  region size 1024K, 200 young (204800K), 20 survivors (20480K)
 Metaspace       used 89742K, committed 90304K, reserved 1130496K
  class space    used 12195K, committed 12480K, reserved 1048576K
}
Event: 33.967 GC heap after
{Heap after GC invocations=44 (full 0):
 garbage-first heap   total 368640K, used 101315K [0x0000000080000000, 0x0000000100000000)
  region size 1024K, 15 young (15360K), 15 survivors (15360K)
 Metaspace       used 89742K, committed 90304K, reserved 1130496K
  class space    used 12195K, committed 12480K, reserved 1048576K
}
Event: 38.955 GC heap before
{Heap before GC invocations=44 (full 0):
 garbage-first heap   total 368640K, used 307139K [0x0000000080000000, 0x0000000100000000)
  region size 1024K, 177 young (181248K), 15 survivors (15360K)
 Metaspace       used 99029K, committed 99712K, reserved 1138688K
  class space    used 13410K, committed 13760K, reserved 1048576K
}
Event: 39.122 GC heap after
{Heap after GC invocations=45 (full 0):
 garbage-first heap   total 368640K, used 151040K [0x0000000080000000, 0x0000000100000000)
  region size 1024K, 20 young (20480K), 20 survivors (20480K)
 Metaspace       used 99029K, committed 99712K, reserved 1138688K
  class space    used 13410K, committed 13760K, reserved 1048576K
}
Event: 42.415 GC heap before
{Heap before GC invocations=46 (full 0):
 garbage-first heap   total 368640K, used 323072K [0x0000000080000000, 0x0000000100000000)
  region size 1024K, 148 young (151552K), 20 survivors (20480K)
 Metaspace       used 101839K, committed 102528K, reserved 1138688K
  class space    used 13957K, committed 14336K, reserved 1048576K
}
Event: 42.877 GC heap after
{Heap after GC invocations=47 (full 0):
 garbage-first heap   total 394240K, used 218112K [0x0000000080000000, 0x0000000100000000)
  region size 1024K, 20 young (20480K), 20 survivors (20480K)
 Metaspace       used 101839K, committed 102528K, reserved 1138688K
  class space    used 13957K, committed 14336K, reserved 1048576K
}
Event: 42.961 GC heap before
{Heap before GC invocations=47 (full 0):
 garbage-first heap   total 394240K, used 219136K [0x0000000080000000, 0x0000000100000000)
  region size 1024K, 21 young (21504K), 20 survivors (20480K)
 Metaspace       used 101839K, committed 102528K, reserved 1138688K
  class space    used 13957K, committed 14336K, reserved 1048576K
}
Event: 43.037 GC heap after
{Heap after GC invocations=48 (full 0):
 garbage-first heap   total 394240K, used 220160K [0x0000000080000000, 0x0000000100000000)
  region size 1024K, 2 young (2048K), 2 survivors (2048K)
 Metaspace       used 101839K, committed 102528K, reserved 1138688K
  class space    used 13957K, committed 14336K, reserved 1048576K
}
Event: 43.713 GC heap before
{Heap before GC invocations=48 (full 0):
 garbage-first heap   total 394240K, used 300032K [0x0000000080000000, 0x0000000100000000)
  region size 1024K, 81 young (82944K), 2 survivors (2048K)
 Metaspace       used 101909K, committed 102592K, reserved 1138688K
  class space    used 13960K, committed 14336K, reserved 1048576K
}

