# JRE version: OpenJDK Runtime Environment (17.0.6) (build 17.0.6+0-b2043.56-9586694)
# Java VM: OpenJDK 64-Bit Server VM (17.0.6+0-b2043.56-9586694, mixed mode, tiered, compressed oops, compressed class ptrs, g1 gc, windows-amd64)
GC Precious Log:
 CPUs: 4 total, 4 available
 Memory: 3682M
 Large Page Support: Disabled
 NUMA Support: Disabled
 Compressed Oops: Enabled (32-bit)
 Heap Region Size: 1M
 Heap Min Capacity: 8M
 Heap Initial Capacity: 58M
 Heap Max Capacity: 2G
 Pre-touch: Disabled
 Parallel Workers: 4
 Concurrent Workers: 1
 Concurrent Refinement Workers: 4
 Periodic GC: Disabled
Heap:
 garbage-first heap   total 525312K, used 158317K [0x0000000080000000, 0x0000000100000000)
  region size 1024K, 5 young (5120K), 5 survivors (5120K)
 Metaspace       used 123190K, committed 124352K, reserved 1163264K
  class space    used 16648K, committed 17216K, reserved 1048576K
GC Heap History (20 events):
Event: 490.173 GC heap after
{Heap after GC invocations=89 (full 0):
 garbage-first heap   total 403456K, used 154782K [0x0000000080000000, 0x0000000100000000)
  region size 1024K, 11 young (11264K), 11 survivors (11264K)
 Metaspace       used 121849K, committed 122880K, reserved 1155072K
  class space    used 16551K, committed 17024K, reserved 1048576K
}
Event: 490.793 GC heap before
{Heap before GC invocations=89 (full 0):
 garbage-first heap   total 403456K, used 165022K [0x0000000080000000, 0x0000000100000000)
  region size 1024K, 19 young (19456K), 11 survivors (11264K)
 Metaspace       used 121850K, committed 122880K, reserved 1155072K
  class space    used 16551K, committed 17024K, reserved 1048576K
}
Event: 490.935 GC heap after
{Heap after GC invocations=90 (full 0):
 garbage-first heap   total 403456K, used 159910K [0x0000000080000000, 0x0000000100000000)
  region size 1024K, 3 young (3072K), 3 survivors (3072K)
 Metaspace       used 121850K, committed 122880K, reserved 1155072K
  class space    used 16551K, committed 17024K, reserved 1048576K
}
Event: 596.303 GC heap before
{Heap before GC invocations=91 (full 0):
 garbage-first heap   total 403456K, used 215206K [0x0000000080000000, 0x0000000100000000)
  region size 1024K, 58 young (59392K), 3 survivors (3072K)
 Metaspace       used 122058K, committed 123008K, reserved 1155072K
  class space    used 16555K, committed 17024K, reserved 1048576K
}
Event: 596.984 GC heap after
{Heap after GC invocations=92 (full 0):
 garbage-first heap   total 403456K, used 158236K [0x0000000080000000, 0x0000000100000000)
  region size 1024K, 4 young (4096K), 4 survivors (4096K)
 Metaspace       used 122058K, committed 123008K, reserved 1155072K
  class space    used 16555K, committed 17024K, reserved 1048576K
}
Event: 599.348 GC heap before
{Heap before GC invocations=92 (full 0):
 garbage-first heap   total 403456K, used 172572K [0x0000000080000000, 0x0000000100000000)
  region size 1024K, 19 young (19456K), 4 survivors (4096K)
 Metaspace       used 122103K, committed 123072K, reserved 1155072K
  class space    used 16555K, committed 17024K, reserved 1048576K
}
Event: 599.541 GC heap after
{Heap after GC invocations=93 (full 0):
 garbage-first heap   total 403456K, used 157487K [0x0000000080000000, 0x0000000100000000)
  region size 1024K, 3 young (3072K), 3 survivors (3072K)
 Metaspace       used 122103K, committed 123072K, reserved 1155072K
  class space    used 16555K, committed 17024K, reserved 1048576K
}
Event: 600.742 GC heap before
{Heap before GC invocations=93 (full 0):
 garbage-first heap   total 403456K, used 172847K [0x0000000080000000, 0x0000000100000000)
  region size 1024K, 19 young (19456K), 3 survivors (3072K)
 Metaspace       used 122162K, committed 123200K, reserved 1155072K
  class space    used 16555K, committed 17024K, reserved 1048576K
}
Event: 600.917 GC heap after
{Heap after GC invocations=94 (full 0):
 garbage-first heap   total 472064K, used 160307K [0x0000000080000000, 0x0000000100000000)
  region size 1024K, 3 young (3072K), 3 survivors (3072K)
 Metaspace       used 122162K, committed 123200K, reserved 1155072K
  class space    used 16555K, committed 17024K, reserved 1048576K
}
Event: 601.467 GC heap before
{Heap before GC invocations=94 (full 0):
 garbage-first heap   total 472064K, used 179763K [0x0000000080000000, 0x0000000100000000)
  region size 1024K, 23 young (23552K), 3 survivors (3072K)
 Metaspace       used 122189K, committed 123200K, reserved 1155072K
  class space    used 16555K, committed 17024K, reserved 1048576K
}
Event: 601.593 GC heap after
{Heap after GC invocations=95 (full 0):
 garbage-first heap   total 472064K, used 161730K [0x0000000080000000, 0x0000000100000000)
  region size 1024K, 3 young (3072K), 3 survivors (3072K)
 Metaspace       used 122189K, committed 123200K, reserved 1155072K
  class space    used 16555K, committed 17024K, reserved 1048576K
}
Event: 602.743 GC heap before
{Heap before GC invocations=95 (full 0):
 garbage-first heap   total 472064K, used 182210K [0x0000000080000000, 0x0000000100000000)
  region size 1024K, 23 young (23552K), 3 survivors (3072K)
 Metaspace       used 122204K, committed 123200K, reserved 1155072K
  class space    used 16555K, committed 17024K, reserved 1048576K
}
Event: 602.844 GC heap after
{Heap after GC invocations=96 (full 0):
 garbage-first heap   total 472064K, used 162585K [0x0000000080000000, 0x0000000100000000)
  region size 1024K, 2 young (2048K), 2 survivors (2048K)
 Metaspace       used 122204K, committed 123200K, reserved 1155072K
  class space    used 16555K, committed 17024K, reserved 1048576K
}
Event: 618.684 GC heap before
{Heap before GC invocations=96 (full 0):
 garbage-first heap   total 472064K, used 186137K [0x0000000080000000, 0x0000000100000000)
  region size 1024K, 26 young (26624K), 2 survivors (2048K)
 Metaspace       used 122234K, committed 123200K, reserved 1155072K
  class space    used 16556K, committed 17024K, reserved 1048576K
}
Event: 618.743 GC heap after
{Heap after GC invocations=97 (full 0):
 garbage-first heap   total 472064K, used 163522K [0x0000000080000000, 0x0000000100000000)
  region size 1024K, 3 young (3072K), 3 survivors (3072K)
 Metaspace       used 122234K, committed 123200K, reserved 1155072K
  class space    used 16556K, committed 17024K, reserved 1048576K
}
Event: 745.760 GC heap before
{Heap before GC invocations=98 (full 0):
 garbage-first heap   total 472064K, used 270018K [0x0000000080000000, 0x0000000100000000)
  region size 1024K, 113 young (115712K), 3 survivors (3072K)
 Metaspace       used 122717K, committed 123776K, reserved 1163264K
  class space    used 16570K, committed 17088K, reserved 1048576K
}
Event: 745.963 GC heap after
{Heap after GC invocations=99 (full 0):
 garbage-first heap   total 472064K, used 163351K [0x0000000080000000, 0x0000000100000000)
  region size 1024K, 9 young (9216K), 9 survivors (9216K)
 Metaspace       used 122717K, committed 123776K, reserved 1163264K
  class space    used 16570K, committed 17088K, reserved 1048576K
}
Event: 746.278 GC heap before
{Heap before GC invocations=99 (full 0):
 garbage-first heap   total 472064K, used 176663K [0x0000000080000000, 0x0000000100000000)
  region size 1024K, 23 young (23552K), 9 survivors (9216K)
 Metaspace       used 122726K, committed 123776K, reserved 1163264K
  class space    used 16570K, committed 17088K, reserved 1048576K
}
Event: 746.390 GC heap after
{Heap after GC invocations=100 (full 0):
 garbage-first heap   total 472064K, used 155821K [0x0000000080000000, 0x0000000100000000)
  region size 1024K, 2 young (2048K), 2 survivors (2048K)
 Metaspace       used 122726K, committed 123776K, reserved 1163264K
  class space    used 16570K, committed 17088K, reserved 1048576K
}
Event: 766.215 GC heap before
{Heap before GC invocations=100 (full 0):
 garbage-first heap   total 472064K, used 202925K [0x0000000080000000, 0x0000000100000000)
  region size 1024K, 50 young (51200K), 2 survivors (2048K)
 Metaspace       used 123190K, committed 124352K, reserved 1163264K
  class space    used 16648K, committed 17216K, reserved 1048576K
}

