# JRE version: OpenJDK Runtime Environment (17.0.6) (build 17.0.6+0-b2043.56-9586694)
# Java VM: OpenJDK 64-Bit Server VM (17.0.6+0-b2043.56-9586694, mixed mode, tiered, compressed oops, compressed class ptrs, g1 gc, windows-amd64)
GC Precious Log:
 CPUs: 4 total, 4 available
 Memory: 3682M
 Large Page Support: Disabled
 NUMA Support: Disabled
 Compressed Oops: Enabled (32-bit)
 Heap Region Size: 1M
 Heap Min Capacity: 8M
 Heap Initial Capacity: 58M
 Heap Max Capacity: 2G
 Pre-touch: Disabled
 Parallel Workers: 4
 Concurrent Workers: 1
 Concurrent Refinement Workers: 4
 Periodic GC: Disabled
Heap:
 garbage-first heap   total 285696K, used 145412K [0x0000000080000000, 0x0000000100000000)
  region size 1024K, 8 young (8192K), 8 survivors (8192K)
 Metaspace       used 106245K, committed 106880K, reserved 1146880K
  class space    used 13919K, committed 14208K, reserved 1048576K
GC Heap History (20 events):
Event: 27.362 GC heap after
{Heap after GC invocations=50 (full 0):
 garbage-first heap   total 222208K, used 96501K [0x0000000080000000, 0x0000000100000000)
  region size 1024K, 11 young (11264K), 11 survivors (11264K)
 Metaspace       used 89193K, committed 89792K, reserved 1130496K
  class space    used 12145K, committed 12416K, reserved 1048576K
}
Event: 33.876 GC heap before
{Heap before GC invocations=50 (full 0):
 garbage-first heap   total 222208K, used 175349K [0x0000000080000000, 0x0000000100000000)
  region size 1024K, 86 young (88064K), 11 survivors (11264K)
 Metaspace       used 93032K, committed 93696K, reserved 1130496K
  class space    used 12528K, committed 12864K, reserved 1048576K
}
Event: 33.943 GC heap after
{Heap after GC invocations=51 (full 0):
 garbage-first heap   total 222208K, used 117893K [0x0000000080000000, 0x0000000100000000)
  region size 1024K, 11 young (11264K), 11 survivors (11264K)
 Metaspace       used 93032K, committed 93696K, reserved 1130496K
  class space    used 12528K, committed 12864K, reserved 1048576K
}
Event: 37.457 GC heap before
{Heap before GC invocations=51 (full 0):
 garbage-first heap   total 222208K, used 176261K [0x0000000080000000, 0x0000000100000000)
  region size 1024K, 60 young (61440K), 11 survivors (11264K)
 Metaspace       used 94264K, committed 94976K, reserved 1138688K
  class space    used 12635K, committed 12992K, reserved 1048576K
}
Event: 37.490 GC heap after
{Heap after GC invocations=52 (full 0):
 garbage-first heap   total 222208K, used 126464K [0x0000000080000000, 0x0000000100000000)
  region size 1024K, 8 young (8192K), 8 survivors (8192K)
 Metaspace       used 94264K, committed 94976K, reserved 1138688K
  class space    used 12635K, committed 12992K, reserved 1048576K
}
Event: 39.425 GC heap before
{Heap before GC invocations=52 (full 0):
 garbage-first heap   total 222208K, used 188928K [0x0000000080000000, 0x0000000100000000)
  region size 1024K, 52 young (53248K), 8 survivors (8192K)
 Metaspace       used 97066K, committed 97728K, reserved 1138688K
  class space    used 12987K, committed 13312K, reserved 1048576K
}
Event: 39.446 GC heap after
{Heap after GC invocations=53 (full 0):
 garbage-first heap   total 222208K, used 129536K [0x0000000080000000, 0x0000000100000000)
  region size 1024K, 3 young (3072K), 3 survivors (3072K)
 Metaspace       used 97066K, committed 97728K, reserved 1138688K
  class space    used 12987K, committed 13312K, reserved 1048576K
}
Event: 39.903 GC heap before
{Heap before GC invocations=53 (full 0):
 garbage-first heap   total 222208K, used 166400K [0x0000000080000000, 0x0000000100000000)
  region size 1024K, 40 young (40960K), 3 survivors (3072K)
 Metaspace       used 98150K, committed 98816K, reserved 1138688K
  class space    used 13082K, committed 13376K, reserved 1048576K
}
Event: 40.036 GC heap after
{Heap after GC invocations=54 (full 0):
 garbage-first heap   total 222208K, used 137023K [0x0000000080000000, 0x0000000100000000)
  region size 1024K, 7 young (7168K), 7 survivors (7168K)
 Metaspace       used 98150K, committed 98816K, reserved 1138688K
  class space    used 13082K, committed 13376K, reserved 1048576K
}
Event: 40.538 GC heap before
{Heap before GC invocations=54 (full 0):
 garbage-first heap   total 222208K, used 176959K [0x0000000080000000, 0x0000000100000000)
  region size 1024K, 47 young (48128K), 7 survivors (7168K)
 Metaspace       used 101209K, committed 101888K, reserved 1138688K
  class space    used 13342K, committed 13696K, reserved 1048576K
}
Event: 40.550 GC heap after
{Heap after GC invocations=55 (full 0):
 garbage-first heap   total 222208K, used 143568K [0x0000000080000000, 0x0000000100000000)
  region size 1024K, 6 young (6144K), 6 survivors (6144K)
 Metaspace       used 101209K, committed 101888K, reserved 1138688K
  class space    used 13342K, committed 13696K, reserved 1048576K
}
Event: 41.041 GC heap before
{Heap before GC invocations=55 (full 0):
 garbage-first heap   total 222208K, used 179408K [0x0000000080000000, 0x0000000100000000)
  region size 1024K, 41 young (41984K), 6 survivors (6144K)
 Metaspace       used 101580K, committed 102272K, reserved 1138688K
  class space    used 13376K, committed 13696K, reserved 1048576K
}
Event: 41.047 GC heap after
{Heap after GC invocations=56 (full 0):
 garbage-first heap   total 222208K, used 143655K [0x0000000080000000, 0x0000000100000000)
  region size 1024K, 2 young (2048K), 2 survivors (2048K)
 Metaspace       used 101580K, committed 102272K, reserved 1138688K
  class space    used 13376K, committed 13696K, reserved 1048576K
}
Event: 42.739 GC heap before
{Heap before GC invocations=56 (full 0):
 garbage-first heap   total 285696K, used 182567K [0x0000000080000000, 0x0000000100000000)
  region size 1024K, 40 young (40960K), 2 survivors (2048K)
 Metaspace       used 102007K, committed 102720K, reserved 1138688K
  class space    used 13417K, committed 13760K, reserved 1048576K
}
Event: 42.771 GC heap after
{Heap after GC invocations=57 (full 0):
 garbage-first heap   total 285696K, used 144807K [0x0000000080000000, 0x0000000100000000)
  region size 1024K, 3 young (3072K), 3 survivors (3072K)
 Metaspace       used 102007K, committed 102720K, reserved 1138688K
  class space    used 13417K, committed 13760K, reserved 1048576K
}
Event: 46.954 GC heap before
{Heap before GC invocations=58 (full 0):
 garbage-first heap   total 285696K, used 226727K [0x0000000080000000, 0x0000000100000000)
  region size 1024K, 84 young (86016K), 3 survivors (3072K)
 Metaspace       used 102996K, committed 103680K, reserved 1138688K
  class space    used 13497K, committed 13824K, reserved 1048576K
}
Event: 46.982 GC heap after
{Heap after GC invocations=59 (full 0):
 garbage-first heap   total 285696K, used 147569K [0x0000000080000000, 0x0000000100000000)
  region size 1024K, 6 young (6144K), 6 survivors (6144K)
 Metaspace       used 102996K, committed 103680K, reserved 1138688K
  class space    used 13497K, committed 13824K, reserved 1048576K
}
Event: 47.142 GC heap before
{Heap before GC invocations=59 (full 0):
 garbage-first heap   total 285696K, used 153713K [0x0000000080000000, 0x0000000100000000)
  region size 1024K, 13 young (13312K), 6 survivors (6144K)
 Metaspace       used 103005K, committed 103680K, reserved 1138688K
  class space    used 13498K, committed 13824K, reserved 1048576K
}
Event: 47.303 GC heap after
{Heap after GC invocations=60 (full 0):
 garbage-first heap   total 285696K, used 138359K [0x0000000080000000, 0x0000000100000000)
  region size 1024K, 1 young (1024K), 1 survivors (1024K)
 Metaspace       used 103005K, committed 103680K, reserved 1138688K
  class space    used 13498K, committed 13824K, reserved 1048576K
}
Event: 50.552 GC heap before
{Heap before GC invocations=60 (full 0):
 garbage-first heap   total 285696K, used 231543K [0x0000000080000000, 0x0000000100000000)
  region size 1024K, 93 young (95232K), 1 survivors (1024K)
 Metaspace       used 106245K, committed 106880K, reserved 1146880K
  class space    used 13919K, committed 14208K, reserved 1048576K
}

