# JRE version: OpenJDK Runtime Environment (17.0.6) (build 17.0.6+0-b2043.56-9586694)
# Java VM: OpenJDK 64-Bit Server VM (17.0.6+0-b2043.56-9586694, mixed mode, tiered, compressed oops, compressed class ptrs, g1 gc, windows-amd64)
GC Precious Log:
 CPUs: 4 total, 4 available
 Memory: 3682M
 Large Page Support: Disabled
 NUMA Support: Disabled
 Compressed Oops: Enabled (32-bit)
 Heap Region Size: 1M
 Heap Min Capacity: 8M
 Heap Initial Capacity: 58M
 Heap Max Capacity: 2G
 Pre-touch: Disabled
 Parallel Workers: 4
 Concurrent Workers: 1
 Concurrent Refinement Workers: 4
 Periodic GC: Disabled
Heap:
 garbage-first heap   total 328704K, used 179796K [0x0000000080000000, 0x0000000100000000)
  region size 1024K, 5 young (5120K), 5 survivors (5120K)
 Metaspace       used 124640K, committed 125504K, reserved 1163264K
  class space    used 17010K, committed 17408K, reserved 1048576K
GC Heap History (20 events):
Event: 23.648 GC heap after
{Heap after GC invocations=53 (full 0):
 garbage-first heap   total 235520K, used 142269K [0x0000000080000000, 0x0000000100000000)
  region size 1024K, 3 young (3072K), 3 survivors (3072K)
 Metaspace       used 110295K, committed 111040K, reserved 1146880K
  class space    used 15149K, committed 15552K, reserved 1048576K
}
Event: 24.278 GC heap before
{Heap before GC invocations=54 (full 0):
 garbage-first heap   total 273408K, used 191421K [0x0000000080000000, 0x0000000100000000)
  region size 1024K, 51 young (52224K), 3 survivors (3072K)
 Metaspace       used 112351K, committed 113152K, reserved 1146880K
  class space    used 15399K, committed 15808K, reserved 1048576K
}
Event: 24.288 GC heap after
{Heap after GC invocations=55 (full 0):
 garbage-first heap   total 273408K, used 144774K [0x0000000080000000, 0x0000000100000000)
  region size 1024K, 6 young (6144K), 6 survivors (6144K)
 Metaspace       used 112351K, committed 113152K, reserved 1146880K
  class space    used 15399K, committed 15808K, reserved 1048576K
}
Event: 24.466 GC heap before
{Heap before GC invocations=55 (full 0):
 garbage-first heap   total 273408K, used 151942K [0x0000000080000000, 0x0000000100000000)
  region size 1024K, 13 young (13312K), 6 survivors (6144K)
 Metaspace       used 112881K, committed 113664K, reserved 1146880K
  class space    used 15465K, committed 15808K, reserved 1048576K
}
Event: 24.472 GC heap after
{Heap after GC invocations=56 (full 0):
 garbage-first heap   total 328704K, used 144527K [0x0000000080000000, 0x0000000100000000)
  region size 1024K, 2 young (2048K), 2 survivors (2048K)
 Metaspace       used 112881K, committed 113664K, reserved 1146880K
  class space    used 15465K, committed 15808K, reserved 1048576K
}
Event: 25.649 GC heap before
{Heap before GC invocations=56 (full 0):
 garbage-first heap   total 328704K, used 260239K [0x0000000080000000, 0x0000000100000000)
  region size 1024K, 114 young (116736K), 2 survivors (2048K)
 Metaspace       used 114869K, committed 115648K, reserved 1155072K
  class space    used 15694K, committed 16064K, reserved 1048576K
}
Event: 25.657 GC heap after
{Heap after GC invocations=57 (full 0):
 garbage-first heap   total 328704K, used 148966K [0x0000000080000000, 0x0000000100000000)
  region size 1024K, 7 young (7168K), 7 survivors (7168K)
 Metaspace       used 114869K, committed 115648K, reserved 1155072K
  class space    used 15694K, committed 16064K, reserved 1048576K
}
Event: 28.274 GC heap before
{Heap before GC invocations=58 (full 0):
 garbage-first heap   total 328704K, used 261606K [0x0000000080000000, 0x0000000100000000)
  region size 1024K, 118 young (120832K), 7 survivors (7168K)
 Metaspace       used 119155K, committed 119872K, reserved 1155072K
  class space    used 16356K, committed 16704K, reserved 1048576K
}
Event: 28.289 GC heap after
{Heap after GC invocations=59 (full 0):
 garbage-first heap   total 328704K, used 152496K [0x0000000080000000, 0x0000000100000000)
  region size 1024K, 12 young (12288K), 12 survivors (12288K)
 Metaspace       used 119155K, committed 119872K, reserved 1155072K
  class space    used 16356K, committed 16704K, reserved 1048576K
}
Event: 28.325 GC heap before
{Heap before GC invocations=59 (full 0):
 garbage-first heap   total 328704K, used 156592K [0x0000000080000000, 0x0000000100000000)
  region size 1024K, 16 young (16384K), 12 survivors (12288K)
 Metaspace       used 119423K, committed 120192K, reserved 1155072K
  class space    used 16391K, committed 16768K, reserved 1048576K
}
Event: 28.346 GC heap after
{Heap after GC invocations=60 (full 0):
 garbage-first heap   total 328704K, used 150795K [0x0000000080000000, 0x0000000100000000)
  region size 1024K, 2 young (2048K), 2 survivors (2048K)
 Metaspace       used 119423K, committed 120192K, reserved 1155072K
  class space    used 16391K, committed 16768K, reserved 1048576K
}
Event: 197.792 GC heap before
{Heap before GC invocations=60 (full 0):
 garbage-first heap   total 328704K, used 265483K [0x0000000080000000, 0x0000000100000000)
  region size 1024K, 115 young (117760K), 2 survivors (2048K)
 Metaspace       used 122120K, committed 122944K, reserved 1155072K
  class space    used 16681K, committed 17088K, reserved 1048576K
}
Event: 198.513 GC heap after
{Heap after GC invocations=61 (full 0):
 garbage-first heap   total 328704K, used 159868K [0x0000000080000000, 0x0000000100000000)
  region size 1024K, 11 young (11264K), 11 survivors (11264K)
 Metaspace       used 122120K, committed 122944K, reserved 1155072K
  class space    used 16681K, committed 17088K, reserved 1048576K
}
Event: 198.679 GC heap before
{Heap before GC invocations=61 (full 0):
 garbage-first heap   total 328704K, used 164988K [0x0000000080000000, 0x0000000100000000)
  region size 1024K, 16 young (16384K), 11 survivors (11264K)
 Metaspace       used 122276K, committed 123072K, reserved 1155072K
  class space    used 16699K, committed 17088K, reserved 1048576K
}
Event: 198.802 GC heap after
{Heap after GC invocations=62 (full 0):
 garbage-first heap   total 328704K, used 161127K [0x0000000080000000, 0x0000000100000000)
  region size 1024K, 2 young (2048K), 2 survivors (2048K)
 Metaspace       used 122276K, committed 123072K, reserved 1155072K
  class space    used 16699K, committed 17088K, reserved 1048576K
}
Event: 221.022 GC heap before
{Heap before GC invocations=62 (full 0):
 garbage-first heap   total 328704K, used 246119K [0x0000000080000000, 0x0000000100000000)
  region size 1024K, 84 young (86016K), 2 survivors (2048K)
 Metaspace       used 124221K, committed 125056K, reserved 1163264K
  class space    used 16982K, committed 17408K, reserved 1048576K
}
Event: 221.532 GC heap after
{Heap after GC invocations=63 (full 0):
 garbage-first heap   total 328704K, used 176534K [0x0000000080000000, 0x0000000100000000)
  region size 1024K, 11 young (11264K), 11 survivors (11264K)
 Metaspace       used 124221K, committed 125056K, reserved 1163264K
  class space    used 16982K, committed 17408K, reserved 1048576K
}
Event: 221.665 GC heap before
{Heap before GC invocations=63 (full 0):
 garbage-first heap   total 328704K, used 183702K [0x0000000080000000, 0x0000000100000000)
  region size 1024K, 19 young (19456K), 11 survivors (11264K)
 Metaspace       used 124231K, committed 125056K, reserved 1163264K
  class space    used 16982K, committed 17408K, reserved 1048576K
}
Event: 221.780 GC heap after
{Heap after GC invocations=64 (full 0):
 garbage-first heap   total 328704K, used 178354K [0x0000000080000000, 0x0000000100000000)
  region size 1024K, 2 young (2048K), 2 survivors (2048K)
 Metaspace       used 124231K, committed 125056K, reserved 1163264K
  class space    used 16982K, committed 17408K, reserved 1048576K
}
Event: 527.895 GC heap before
{Heap before GC invocations=64 (full 0):
 garbage-first heap   total 328704K, used 249010K [0x0000000080000000, 0x0000000100000000)
  region size 1024K, 72 young (73728K), 2 survivors (2048K)
 Metaspace       used 124640K, committed 125504K, reserved 1163264K
  class space    used 17010K, committed 17408K, reserved 1048576K
}

