# JRE version: OpenJDK Runtime Environment (17.0.6) (build 17.0.6+0-b2043.56-9586694)
# Java VM: OpenJDK 64-Bit Server VM (17.0.6+0-b2043.56-9586694, mixed mode, tiered, compressed oops, compressed class ptrs, g1 gc, windows-amd64)
GC Precious Log:
 CPUs: 4 total, 4 available
 Memory: 3682M
 Large Page Support: Disabled
 NUMA Support: Disabled
 Compressed Oops: Enabled (32-bit)
 Heap Region Size: 1M
 Heap Min Capacity: 8M
 Heap Initial Capacity: 58M
 Heap Max Capacity: 2G
 Pre-touch: Disabled
 Parallel Workers: 4
 Concurrent Workers: 1
 Concurrent Refinement Workers: 4
 Periodic GC: Disabled
Heap:
 garbage-first heap   total 347136K, used 166250K [0x0000000080000000, 0x0000000100000000)
  region size 1024K, 2 young (2048K), 2 survivors (2048K)
 Metaspace       used 129357K, committed 130240K, reserved 1163264K
  class space    used 17494K, committed 17920K, reserved 1048576K
GC Heap History (20 events):
Event: 199.596 GC heap after
{Heap after GC invocations=68 (full 0):
 garbage-first heap   total 286720K, used 162130K [0x0000000080000000, 0x0000000100000000)
  region size 1024K, 5 young (5120K), 5 survivors (5120K)
 Metaspace       used 116545K, committed 117376K, reserved 1155072K
  class space    used 15853K, committed 16256K, reserved 1048576K
}
Event: 200.079 GC heap before
{Heap before GC invocations=68 (full 0):
 garbage-first heap   total 286720K, used 234834K [0x0000000080000000, 0x0000000100000000)
  region size 1024K, 76 young (77824K), 5 survivors (5120K)
 Metaspace       used 117345K, committed 118144K, reserved 1155072K
  class space    used 16026K, committed 16384K, reserved 1048576K
}
Event: 200.087 GC heap after
{Heap after GC invocations=69 (full 0):
 garbage-first heap   total 286720K, used 165615K [0x0000000080000000, 0x0000000100000000)
  region size 1024K, 9 young (9216K), 9 survivors (9216K)
 Metaspace       used 117345K, committed 118144K, reserved 1155072K
  class space    used 16026K, committed 16384K, reserved 1048576K
}
Event: 201.023 GC heap before
{Heap before GC invocations=69 (full 0):
 garbage-first heap   total 286720K, used 236271K [0x0000000080000000, 0x0000000100000000)
  region size 1024K, 79 young (80896K), 9 survivors (9216K)
 Metaspace       used 119468K, committed 120256K, reserved 1155072K
  class space    used 16337K, committed 16704K, reserved 1048576K
}
Event: 201.033 GC heap after
{Heap after GC invocations=70 (full 0):
 garbage-first heap   total 286720K, used 166757K [0x0000000080000000, 0x0000000100000000)
  region size 1024K, 7 young (7168K), 7 survivors (7168K)
 Metaspace       used 119468K, committed 120256K, reserved 1155072K
  class space    used 16337K, committed 16704K, reserved 1048576K
}
Event: 365.003 GC heap before
{Heap before GC invocations=71 (full 0):
 garbage-first heap   total 286720K, used 238437K [0x0000000080000000, 0x0000000100000000)
  region size 1024K, 78 young (79872K), 7 survivors (7168K)
 Metaspace       used 122016K, committed 122880K, reserved 1155072K
  class space    used 16631K, committed 17024K, reserved 1048576K
}
Event: 366.231 GC heap after
{Heap after GC invocations=72 (full 0):
 garbage-first heap   total 286720K, used 173056K [0x0000000080000000, 0x0000000100000000)
  region size 1024K, 10 young (10240K), 10 survivors (10240K)
 Metaspace       used 122016K, committed 122880K, reserved 1155072K
  class space    used 16631K, committed 17024K, reserved 1048576K
}
Event: 367.878 GC heap before
{Heap before GC invocations=72 (full 0):
 garbage-first heap   total 286720K, used 177152K [0x0000000080000000, 0x0000000100000000)
  region size 1024K, 14 young (14336K), 10 survivors (10240K)
 Metaspace       used 122020K, committed 122880K, reserved 1155072K
  class space    used 16632K, committed 17024K, reserved 1048576K
}
Event: 368.102 GC heap after
{Heap after GC invocations=73 (full 0):
 garbage-first heap   total 286720K, used 167734K [0x0000000080000000, 0x0000000100000000)
  region size 1024K, 2 young (2048K), 2 survivors (2048K)
 Metaspace       used 122020K, committed 122880K, reserved 1155072K
  class space    used 16632K, committed 17024K, reserved 1048576K
}
Event: 369.059 GC heap before
{Heap before GC invocations=73 (full 0):
 garbage-first heap   total 286720K, used 181046K [0x0000000080000000, 0x0000000100000000)
  region size 1024K, 17 young (17408K), 2 survivors (2048K)
 Metaspace       used 122215K, committed 123008K, reserved 1155072K
  class space    used 16650K, committed 17024K, reserved 1048576K
}
Event: 369.135 GC heap after
{Heap after GC invocations=74 (full 0):
 garbage-first heap   total 286720K, used 167980K [0x0000000080000000, 0x0000000100000000)
  region size 1024K, 3 young (3072K), 3 survivors (3072K)
 Metaspace       used 122215K, committed 123008K, reserved 1155072K
  class space    used 16650K, committed 17024K, reserved 1048576K
}
Event: 371.625 GC heap before
{Heap before GC invocations=75 (full 0):
 garbage-first heap   total 347136K, used 209964K [0x0000000080000000, 0x0000000100000000)
  region size 1024K, 44 young (45056K), 3 survivors (3072K)
 Metaspace       used 126033K, committed 126848K, reserved 1163264K
  class space    used 17141K, committed 17536K, reserved 1048576K
}
Event: 371.773 GC heap after
{Heap after GC invocations=76 (full 0):
 garbage-first heap   total 347136K, used 182651K [0x0000000080000000, 0x0000000100000000)
  region size 1024K, 6 young (6144K), 6 survivors (6144K)
 Metaspace       used 126033K, committed 126848K, reserved 1163264K
  class space    used 17141K, committed 17536K, reserved 1048576K
}
Event: 372.278 GC heap before
{Heap before GC invocations=76 (full 0):
 garbage-first heap   total 347136K, used 192891K [0x0000000080000000, 0x0000000100000000)
  region size 1024K, 16 young (16384K), 6 survivors (6144K)
 Metaspace       used 126976K, committed 127808K, reserved 1163264K
  class space    used 17254K, committed 17664K, reserved 1048576K
}
Event: 372.458 GC heap after
{Heap after GC invocations=77 (full 0):
 garbage-first heap   total 347136K, used 163718K [0x0000000080000000, 0x0000000100000000)
  region size 1024K, 2 young (2048K), 2 survivors (2048K)
 Metaspace       used 126976K, committed 127808K, reserved 1163264K
  class space    used 17254K, committed 17664K, reserved 1048576K
}
Event: 372.612 GC heap before
{Heap before GC invocations=77 (full 0):
 garbage-first heap   total 347136K, used 166790K [0x0000000080000000, 0x0000000100000000)
  region size 1024K, 6 young (6144K), 2 survivors (2048K)
 Metaspace       used 126998K, committed 127872K, reserved 1163264K
  class space    used 17254K, committed 17664K, reserved 1048576K
}
Event: 372.624 GC heap after
{Heap after GC invocations=78 (full 0):
 garbage-first heap   total 347136K, used 167424K [0x0000000080000000, 0x0000000100000000)
  region size 1024K, 4 young (4096K), 4 survivors (4096K)
 Metaspace       used 126998K, committed 127872K, reserved 1163264K
  class space    used 17254K, committed 17664K, reserved 1048576K
}
Event: 373.833 GC heap before
{Heap before GC invocations=79 (full 0):
 garbage-first heap   total 347136K, used 200192K [0x0000000080000000, 0x0000000100000000)
  region size 1024K, 20 young (20480K), 4 survivors (4096K)
 Metaspace       used 128941K, committed 129792K, reserved 1163264K
  class space    used 17443K, committed 17856K, reserved 1048576K
}
Event: 373.854 GC heap after
{Heap after GC invocations=80 (full 0):
 garbage-first heap   total 347136K, used 168646K [0x0000000080000000, 0x0000000100000000)
  region size 1024K, 2 young (2048K), 2 survivors (2048K)
 Metaspace       used 128941K, committed 129792K, reserved 1163264K
  class space    used 17443K, committed 17856K, reserved 1048576K
}
Event: 374.059 GC heap before
{Heap before GC invocations=80 (full 0):
 garbage-first heap   total 347136K, used 181958K [0x0000000080000000, 0x0000000100000000)
  region size 1024K, 16 young (16384K), 2 survivors (2048K)
 Metaspace       used 129357K, committed 130240K, reserved 1163264K
  class space    used 17494K, committed 17920K, reserved 1048576K
}

