# JRE version: OpenJDK Runtime Environment (17.0.6) (build 17.0.6+0-b2043.56-9586694)
# Java VM: OpenJDK 64-Bit Server VM (17.0.6+0-b2043.56-9586694, mixed mode, tiered, compressed oops, compressed class ptrs, g1 gc, windows-amd64)
GC Precious Log:
 CPUs: 4 total, 4 available
 Memory: 3682M
 Large Page Support: Disabled
 NUMA Support: Disabled
 Compressed Oops: Enabled (32-bit)
 Heap Region Size: 1M
 Heap Min Capacity: 8M
 Heap Initial Capacity: 58M
 Heap Max Capacity: 2G
 Pre-touch: Disabled
 Parallel Workers: 4
 Concurrent Workers: 1
 Concurrent Refinement Workers: 4
 Periodic GC: Disabled
Heap:
 garbage-first heap   total 340992K, used 150758K [0x0000000080000000, 0x0000000100000000)
  region size 1024K, 2 young (2048K), 2 survivors (2048K)
 Metaspace       used 126035K, committed 127104K, reserved 1163264K
  class space    used 17185K, committed 17728K, reserved 1048576K
GC Heap History (20 events):
Event: 30.408 GC heap after
{Heap after GC invocations=63 (full 0):
 garbage-first heap   total 340992K, used 122384K [0x0000000080000000, 0x0000000100000000)
  region size 1024K, 2 young (2048K), 2 survivors (2048K)
 Metaspace       used 103472K, committed 104192K, reserved 1146880K
  class space    used 13920K, committed 14272K, reserved 1048576K
}
Event: 404.057 GC heap before
{Heap before GC invocations=63 (full 0):
 garbage-first heap   total 340992K, used 263696K [0x0000000080000000, 0x0000000100000000)
  region size 1024K, 140 young (143360K), 2 survivors (2048K)
 Metaspace       used 107640K, committed 108480K, reserved 1146880K
  class space    used 14409K, committed 14784K, reserved 1048576K
}
Event: 404.197 GC heap after
{Heap after GC invocations=64 (full 0):
 garbage-first heap   total 340992K, used 132609K [0x0000000080000000, 0x0000000100000000)
  region size 1024K, 12 young (12288K), 12 survivors (12288K)
 Metaspace       used 107640K, committed 108480K, reserved 1146880K
  class space    used 14409K, committed 14784K, reserved 1048576K
}
Event: 406.709 GC heap before
{Heap before GC invocations=64 (full 0):
 garbage-first heap   total 340992K, used 254465K [0x0000000080000000, 0x0000000100000000)
  region size 1024K, 120 young (122880K), 12 survivors (12288K)
 Metaspace       used 120062K, committed 120896K, reserved 1155072K
  class space    used 16286K, committed 16704K, reserved 1048576K
}
Event: 406.841 GC heap after
{Heap after GC invocations=65 (full 0):
 garbage-first heap   total 340992K, used 162306K [0x0000000080000000, 0x0000000100000000)
  region size 1024K, 16 young (16384K), 16 survivors (16384K)
 Metaspace       used 120062K, committed 120896K, reserved 1155072K
  class space    used 16286K, committed 16704K, reserved 1048576K
}
Event: 626.577 GC heap before
{Heap before GC invocations=66 (full 0):
 garbage-first heap   total 340992K, used 274946K [0x0000000080000000, 0x0000000100000000)
  region size 1024K, 121 young (123904K), 16 survivors (16384K)
 Metaspace       used 125047K, committed 125888K, reserved 1163264K
  class space    used 17132K, committed 17536K, reserved 1048576K
}
Event: 627.443 GC heap after
{Heap after GC invocations=67 (full 0):
 garbage-first heap   total 340992K, used 156103K [0x0000000080000000, 0x0000000100000000)
  region size 1024K, 9 young (9216K), 9 survivors (9216K)
 Metaspace       used 125047K, committed 125888K, reserved 1163264K
  class space    used 17132K, committed 17536K, reserved 1048576K
}
Event: 628.028 GC heap before
{Heap before GC invocations=67 (full 0):
 garbage-first heap   total 340992K, used 163271K [0x0000000080000000, 0x0000000100000000)
  region size 1024K, 16 young (16384K), 9 survivors (9216K)
 Metaspace       used 125052K, committed 125888K, reserved 1163264K
  class space    used 17132K, committed 17536K, reserved 1048576K
}
Event: 628.332 GC heap after
{Heap after GC invocations=68 (full 0):
 garbage-first heap   total 340992K, used 155323K [0x0000000080000000, 0x0000000100000000)
  region size 1024K, 2 young (2048K), 2 survivors (2048K)
 Metaspace       used 125052K, committed 125888K, reserved 1163264K
  class space    used 17132K, committed 17536K, reserved 1048576K
}
Event: 670.199 GC heap before
{Heap before GC invocations=68 (full 0):
 garbage-first heap   total 340992K, used 199355K [0x0000000080000000, 0x0000000100000000)
  region size 1024K, 46 young (47104K), 2 survivors (2048K)
 Metaspace       used 125222K, committed 126208K, reserved 1163264K
  class space    used 17152K, committed 17664K, reserved 1048576K
}
Event: 670.622 GC heap after
{Heap after GC invocations=69 (full 0):
 garbage-first heap   total 340992K, used 156690K [0x0000000080000000, 0x0000000100000000)
  region size 1024K, 4 young (4096K), 4 survivors (4096K)
 Metaspace       used 125222K, committed 126208K, reserved 1163264K
  class space    used 17152K, committed 17664K, reserved 1048576K
}
Event: 672.716 GC heap before
{Heap before GC invocations=69 (full 0):
 garbage-first heap   total 340992K, used 165906K [0x0000000080000000, 0x0000000100000000)
  region size 1024K, 14 young (14336K), 4 survivors (4096K)
 Metaspace       used 125252K, committed 126272K, reserved 1163264K
  class space    used 17152K, committed 17664K, reserved 1048576K
}
Event: 672.866 GC heap after
{Heap after GC invocations=70 (full 0):
 garbage-first heap   total 340992K, used 157696K [0x0000000080000000, 0x0000000100000000)
  region size 1024K, 1 young (1024K), 1 survivors (1024K)
 Metaspace       used 125252K, committed 126272K, reserved 1163264K
  class space    used 17152K, committed 17664K, reserved 1048576K
}
Event: 676.557 GC heap before
{Heap before GC invocations=70 (full 0):
 garbage-first heap   total 340992K, used 200704K [0x0000000080000000, 0x0000000100000000)
  region size 1024K, 42 young (43008K), 1 survivors (1024K)
 Metaspace       used 125601K, committed 126592K, reserved 1163264K
  class space    used 17153K, committed 17664K, reserved 1048576K
}
Event: 676.651 GC heap after
{Heap after GC invocations=71 (full 0):
 garbage-first heap   total 340992K, used 158495K [0x0000000080000000, 0x0000000100000000)
  region size 1024K, 2 young (2048K), 2 survivors (2048K)
 Metaspace       used 125601K, committed 126592K, reserved 1163264K
  class space    used 17153K, committed 17664K, reserved 1048576K
}
Event: 783.843 GC heap before
{Heap before GC invocations=72 (full 0):
 garbage-first heap   total 340992K, used 200479K [0x0000000080000000, 0x0000000100000000)
  region size 1024K, 44 young (45056K), 2 survivors (2048K)
 Metaspace       used 125780K, committed 126784K, reserved 1163264K
  class space    used 17158K, committed 17664K, reserved 1048576K
}
Event: 784.093 GC heap after
{Heap after GC invocations=73 (full 0):
 garbage-first heap   total 340992K, used 159478K [0x0000000080000000, 0x0000000100000000)
  region size 1024K, 3 young (3072K), 3 survivors (3072K)
 Metaspace       used 125780K, committed 126784K, reserved 1163264K
  class space    used 17158K, committed 17664K, reserved 1048576K
}
Event: 785.118 GC heap before
{Heap before GC invocations=73 (full 0):
 garbage-first heap   total 340992K, used 172790K [0x0000000080000000, 0x0000000100000000)
  region size 1024K, 16 young (16384K), 3 survivors (3072K)
 Metaspace       used 125934K, committed 126912K, reserved 1163264K
  class space    used 17172K, committed 17664K, reserved 1048576K
}
Event: 785.383 GC heap after
{Heap after GC invocations=74 (full 0):
 garbage-first heap   total 340992K, used 149672K [0x0000000080000000, 0x0000000100000000)
  region size 1024K, 2 young (2048K), 2 survivors (2048K)
 Metaspace       used 125934K, committed 126912K, reserved 1163264K
  class space    used 17172K, committed 17664K, reserved 1048576K
}
Event: 786.047 GC heap before
{Heap before GC invocations=74 (full 0):
 garbage-first heap   total 340992K, used 162984K [0x0000000080000000, 0x0000000100000000)
  region size 1024K, 16 young (16384K), 2 survivors (2048K)
 Metaspace       used 126035K, committed 127104K, reserved 1163264K
  class space    used 17185K, committed 17728K, reserved 1048576K
}

