# JRE version: OpenJDK Runtime Environment (17.0.6) (build 17.0.6+0-b2043.56-9586694)
# Java VM: OpenJDK 64-Bit Server VM (17.0.6+0-b2043.56-9586694, mixed mode, tiered, compressed oops, compressed class ptrs, g1 gc, windows-amd64)
GC Precious Log:
 CPUs: 4 total, 4 available
 Memory: 3682M
 Large Page Support: Disabled
 NUMA Support: Disabled
 Compressed Oops: Enabled (32-bit)
 Heap Region Size: 1M
 Heap Min Capacity: 8M
 Heap Initial Capacity: 58M
 Heap Max Capacity: 2G
 Pre-touch: Disabled
 Parallel Workers: 4
 Concurrent Workers: 1
 Concurrent Refinement Workers: 4
 Periodic GC: Disabled
Heap:
 garbage-first heap   total 540672K, used 151590K [0x0000000080000000, 0x0000000100000000)
  region size 1024K, 2 young (2048K), 2 survivors (2048K)
 Metaspace       used 134370K, committed 135936K, reserved 1171456K
  class space    used 17780K, committed 18560K, reserved 1048576K
GC Heap History (20 events):
Event: 3949.673 GC heap after
{Heap after GC invocations=92 (full 1):
 garbage-first heap   total 348160K, used 118749K [0x0000000080000000, 0x0000000100000000)
  region size 1024K, 4 young (4096K), 4 survivors (4096K)
 Metaspace       used 133998K, committed 135552K, reserved 1171456K
  class space    used 17778K, committed 18560K, reserved 1048576K
}
Event: 3949.802 GC heap before
{Heap before GC invocations=92 (full 1):
 garbage-first heap   total 348160K, used 132061K [0x0000000080000000, 0x0000000100000000)
  region size 1024K, 17 young (17408K), 4 survivors (4096K)
 Metaspace       used 134012K, committed 135552K, reserved 1171456K
  class space    used 17778K, committed 18560K, reserved 1048576K
}
Event: 3949.906 GC heap after
{Heap after GC invocations=93 (full 1):
 garbage-first heap   total 540672K, used 128612K [0x0000000080000000, 0x0000000100000000)
  region size 1024K, 3 young (3072K), 3 survivors (3072K)
 Metaspace       used 134012K, committed 135552K, reserved 1171456K
  class space    used 17778K, committed 18560K, reserved 1048576K
}
Event: 3951.239 GC heap before
{Heap before GC invocations=93 (full 1):
 garbage-first heap   total 540672K, used 168548K [0x0000000080000000, 0x0000000100000000)
  region size 1024K, 26 young (26624K), 3 survivors (3072K)
 Metaspace       used 134045K, committed 135552K, reserved 1171456K
  class space    used 17778K, committed 18560K, reserved 1048576K
}
Event: 3951.342 GC heap after
{Heap after GC invocations=94 (full 1):
 garbage-first heap   total 540672K, used 132299K [0x0000000080000000, 0x0000000100000000)
  region size 1024K, 3 young (3072K), 3 survivors (3072K)
 Metaspace       used 134045K, committed 135552K, reserved 1171456K
  class space    used 17778K, committed 18560K, reserved 1048576K
}
Event: 3951.825 GC heap before
{Heap before GC invocations=94 (full 1):
 garbage-first heap   total 540672K, used 154827K [0x0000000080000000, 0x0000000100000000)
  region size 1024K, 26 young (26624K), 3 survivors (3072K)
 Metaspace       used 134062K, committed 135616K, reserved 1171456K
  class space    used 17778K, committed 18560K, reserved 1048576K
}
Event: 3951.867 GC heap after
{Heap after GC invocations=95 (full 1):
 garbage-first heap   total 540672K, used 134479K [0x0000000080000000, 0x0000000100000000)
  region size 1024K, 2 young (2048K), 2 survivors (2048K)
 Metaspace       used 134062K, committed 135616K, reserved 1171456K
  class space    used 17778K, committed 18560K, reserved 1048576K
}
Event: 3960.328 GC heap before
{Heap before GC invocations=95 (full 1):
 garbage-first heap   total 540672K, used 164175K [0x0000000080000000, 0x0000000100000000)
  region size 1024K, 31 young (31744K), 2 survivors (2048K)
 Metaspace       used 134077K, committed 135616K, reserved 1171456K
  class space    used 17778K, committed 18560K, reserved 1048576K
}
Event: 3960.343 GC heap after
{Heap after GC invocations=96 (full 1):
 garbage-first heap   total 540672K, used 138277K [0x0000000080000000, 0x0000000100000000)
  region size 1024K, 4 young (4096K), 4 survivors (4096K)
 Metaspace       used 134077K, committed 135616K, reserved 1171456K
  class space    used 17778K, committed 18560K, reserved 1048576K
}
Event: 3979.776 GC heap before
{Heap before GC invocations=96 (full 1):
 garbage-first heap   total 540672K, used 182309K [0x0000000080000000, 0x0000000100000000)
  region size 1024K, 48 young (49152K), 4 survivors (4096K)
 Metaspace       used 134124K, committed 135616K, reserved 1171456K
  class space    used 17778K, committed 18560K, reserved 1048576K
}
Event: 3979.872 GC heap after
{Heap after GC invocations=97 (full 1):
 garbage-first heap   total 540672K, used 139455K [0x0000000080000000, 0x0000000100000000)
  region size 1024K, 4 young (4096K), 4 survivors (4096K)
 Metaspace       used 134124K, committed 135616K, reserved 1171456K
  class space    used 17778K, committed 18560K, reserved 1048576K
}
Event: 4192.974 GC heap before
{Heap before GC invocations=97 (full 1):
 garbage-first heap   total 540672K, used 206015K [0x0000000080000000, 0x0000000100000000)
  region size 1024K, 68 young (69632K), 4 survivors (4096K)
 Metaspace       used 134263K, committed 135808K, reserved 1171456K
  class space    used 17778K, committed 18560K, reserved 1048576K
}
Event: 4193.442 GC heap after
{Heap after GC invocations=98 (full 1):
 garbage-first heap   total 540672K, used 139641K [0x0000000080000000, 0x0000000100000000)
  region size 1024K, 4 young (4096K), 4 survivors (4096K)
 Metaspace       used 134263K, committed 135808K, reserved 1171456K
  class space    used 17778K, committed 18560K, reserved 1048576K
}
Event: 4217.881 GC heap before
{Heap before GC invocations=98 (full 1):
 garbage-first heap   total 540672K, used 161145K [0x0000000080000000, 0x0000000100000000)
  region size 1024K, 26 young (26624K), 4 survivors (4096K)
 Metaspace       used 134284K, committed 135808K, reserved 1171456K
  class space    used 17780K, committed 18560K, reserved 1048576K
}
Event: 4217.988 GC heap after
{Heap after GC invocations=99 (full 1):
 garbage-first heap   total 540672K, used 141687K [0x0000000080000000, 0x0000000100000000)
  region size 1024K, 4 young (4096K), 4 survivors (4096K)
 Metaspace       used 134284K, committed 135808K, reserved 1171456K
  class space    used 17780K, committed 18560K, reserved 1048576K
}
Event: 4222.112 GC heap before
{Heap before GC invocations=99 (full 1):
 garbage-first heap   total 540672K, used 165239K [0x0000000080000000, 0x0000000100000000)
  region size 1024K, 27 young (27648K), 4 survivors (4096K)
 Metaspace       used 134343K, committed 135872K, reserved 1171456K
  class space    used 17780K, committed 18560K, reserved 1048576K
}
Event: 4222.288 GC heap after
{Heap after GC invocations=100 (full 1):
 garbage-first heap   total 540672K, used 146480K [0x0000000080000000, 0x0000000100000000)
  region size 1024K, 4 young (4096K), 4 survivors (4096K)
 Metaspace       used 134343K, committed 135872K, reserved 1171456K
  class space    used 17780K, committed 18560K, reserved 1048576K
}
Event: 4222.936 GC heap before
{Heap before GC invocations=100 (full 1):
 garbage-first heap   total 540672K, used 167984K [0x0000000080000000, 0x0000000100000000)
  region size 1024K, 26 young (26624K), 4 survivors (4096K)
 Metaspace       used 134355K, committed 135872K, reserved 1171456K
  class space    used 17780K, committed 18560K, reserved 1048576K
}
Event: 4222.980 GC heap after
{Heap after GC invocations=101 (full 1):
 garbage-first heap   total 540672K, used 149885K [0x0000000080000000, 0x0000000100000000)
  region size 1024K, 3 young (3072K), 3 survivors (3072K)
 Metaspace       used 134355K, committed 135872K, reserved 1171456K
  class space    used 17780K, committed 18560K, reserved 1048576K
}
Event: 4244.293 GC heap before
{Heap before GC invocations=101 (full 1):
 garbage-first heap   total 540672K, used 182653K [0x0000000080000000, 0x0000000100000000)
  region size 1024K, 36 young (36864K), 3 survivors (3072K)
 Metaspace       used 134370K, committed 135936K, reserved 1171456K
  class space    used 17780K, committed 18560K, reserved 1048576K
}

