# JRE version: OpenJDK Runtime Environment (17.0.6) (build 17.0.6+0-b2043.56-9586694)
# Java VM: OpenJDK 64-Bit Server VM (17.0.6+0-b2043.56-9586694, mixed mode, tiered, compressed oops, compressed class ptrs, g1 gc, windows-amd64)
GC Precious Log:
 CPUs: 4 total, 4 available
 Memory: 3682M
 Large Page Support: Disabled
 NUMA Support: Disabled
 Compressed Oops: Enabled (32-bit)
 Heap Region Size: 1M
 Heap Min Capacity: 8M
 Heap Initial Capacity: 58M
 Heap Max Capacity: 2G
 Pre-touch: Disabled
 Parallel Workers: 4
 Concurrent Workers: 1
 Concurrent Refinement Workers: 4
 Periodic GC: Disabled
Heap:
 garbage-first heap   total 316416K, used 141995K [0x0000000080000000, 0x0000000100000000)
  region size 1024K, 5 young (5120K), 5 survivors (5120K)
 Metaspace       used 113743K, committed 114496K, reserved 1155072K
  class space    used 15595K, committed 15936K, reserved 1048576K
GC Heap History (20 events):
Event: 19.785 GC heap after
{Heap after GC invocations=64 (full 0):
 garbage-first heap   total 132096K, used 75319K [0x0000000080000000, 0x0000000100000000)
  region size 1024K, 1 young (1024K), 1 survivors (1024K)
 Metaspace       used 84280K, committed 84864K, reserved 1122304K
  class space    used 11426K, committed 11712K, reserved 1048576K
}
Event: 20.236 GC heap before
{Heap before GC invocations=64 (full 0):
 garbage-first heap   total 132096K, used 109111K [0x0000000080000000, 0x0000000100000000)
  region size 1024K, 34 young (34816K), 1 survivors (1024K)
 Metaspace       used 86210K, committed 86784K, reserved 1130496K
  class space    used 11694K, committed 11968K, reserved 1048576K
}
Event: 20.241 GC heap after
{Heap after GC invocations=65 (full 0):
 garbage-first heap   total 132096K, used 78723K [0x0000000080000000, 0x0000000100000000)
  region size 1024K, 4 young (4096K), 4 survivors (4096K)
 Metaspace       used 86210K, committed 86784K, reserved 1130496K
  class space    used 11694K, committed 11968K, reserved 1048576K
}
Event: 20.418 GC heap before
{Heap before GC invocations=66 (full 0):
 garbage-first heap   total 153600K, used 107395K [0x0000000080000000, 0x0000000100000000)
  region size 1024K, 32 young (32768K), 4 survivors (4096K)
 Metaspace       used 86328K, committed 86912K, reserved 1130496K
  class space    used 11707K, committed 11968K, reserved 1048576K
}
Event: 20.425 GC heap after
{Heap after GC invocations=67 (full 0):
 garbage-first heap   total 153600K, used 83345K [0x0000000080000000, 0x0000000100000000)
  region size 1024K, 4 young (4096K), 4 survivors (4096K)
 Metaspace       used 86328K, committed 86912K, reserved 1130496K
  class space    used 11707K, committed 11968K, reserved 1048576K
}
Event: 20.439 GC heap before
{Heap before GC invocations=67 (full 0):
 garbage-first heap   total 153600K, used 86417K [0x0000000080000000, 0x0000000100000000)
  region size 1024K, 7 young (7168K), 4 survivors (4096K)
 Metaspace       used 86331K, committed 86912K, reserved 1130496K
  class space    used 11708K, committed 11968K, reserved 1048576K
}
Event: 20.444 GC heap after
{Heap after GC invocations=68 (full 0):
 garbage-first heap   total 316416K, used 84529K [0x0000000080000000, 0x0000000100000000)
  region size 1024K, 1 young (1024K), 1 survivors (1024K)
 Metaspace       used 86331K, committed 86912K, reserved 1130496K
  class space    used 11708K, committed 11968K, reserved 1048576K
}
Event: 26.640 GC heap before
{Heap before GC invocations=68 (full 0):
 garbage-first heap   total 316416K, used 236081K [0x0000000080000000, 0x0000000100000000)
  region size 1024K, 150 young (153600K), 1 survivors (1024K)
 Metaspace       used 89509K, committed 90112K, reserved 1130496K
  class space    used 12163K, committed 12416K, reserved 1048576K
}
Event: 26.653 GC heap after
{Heap after GC invocations=69 (full 0):
 garbage-first heap   total 316416K, used 97551K [0x0000000080000000, 0x0000000100000000)
  region size 1024K, 14 young (14336K), 14 survivors (14336K)
 Metaspace       used 89509K, committed 90112K, reserved 1130496K
  class space    used 12163K, committed 12416K, reserved 1048576K
}
Event: 31.235 GC heap before
{Heap before GC invocations=70 (full 0):
 garbage-first heap   total 316416K, used 234767K [0x0000000080000000, 0x0000000100000000)
  region size 1024K, 149 young (152576K), 14 survivors (14336K)
 Metaspace       used 96155K, committed 96768K, reserved 1138688K
  class space    used 13034K, committed 13312K, reserved 1048576K
}
Event: 31.254 GC heap after
{Heap after GC invocations=71 (full 0):
 garbage-first heap   total 316416K, used 108433K [0x0000000080000000, 0x0000000100000000)
  region size 1024K, 13 young (13312K), 13 survivors (13312K)
 Metaspace       used 96155K, committed 96768K, reserved 1138688K
  class space    used 13034K, committed 13312K, reserved 1048576K
}
Event: 31.280 GC heap before
{Heap before GC invocations=71 (full 0):
 garbage-first heap   total 316416K, used 110481K [0x0000000080000000, 0x0000000100000000)
  region size 1024K, 15 young (15360K), 13 survivors (13312K)
 Metaspace       used 96156K, committed 96768K, reserved 1138688K
  class space    used 13035K, committed 13312K, reserved 1048576K
}
Event: 31.290 GC heap after
{Heap after GC invocations=72 (full 0):
 garbage-first heap   total 316416K, used 108544K [0x0000000080000000, 0x0000000100000000)
  region size 1024K, 2 young (2048K), 2 survivors (2048K)
 Metaspace       used 96156K, committed 96768K, reserved 1138688K
  class space    used 13035K, committed 13312K, reserved 1048576K
}
Event: 37.904 GC heap before
{Heap before GC invocations=72 (full 0):
 garbage-first heap   total 316416K, used 195584K [0x0000000080000000, 0x0000000100000000)
  region size 1024K, 89 young (91136K), 2 survivors (2048K)
 Metaspace       used 97241K, committed 97856K, reserved 1138688K
  class space    used 13106K, committed 13376K, reserved 1048576K
}
Event: 37.913 GC heap after
{Heap after GC invocations=73 (full 0):
 garbage-first heap   total 316416K, used 113548K [0x0000000080000000, 0x0000000100000000)
  region size 1024K, 7 young (7168K), 7 survivors (7168K)
 Metaspace       used 97241K, committed 97856K, reserved 1138688K
  class space    used 13106K, committed 13376K, reserved 1048576K
}
Event: 41.335 GC heap before
{Heap before GC invocations=74 (full 0):
 garbage-first heap   total 316416K, used 269196K [0x0000000080000000, 0x0000000100000000)
  region size 1024K, 139 young (142336K), 7 survivors (7168K)
 Metaspace       used 110931K, committed 111680K, reserved 1146880K
  class space    used 15183K, committed 15552K, reserved 1048576K
}
Event: 41.359 GC heap after
{Heap after GC invocations=75 (full 0):
 garbage-first heap   total 316416K, used 138510K [0x0000000080000000, 0x0000000100000000)
  region size 1024K, 18 young (18432K), 18 survivors (18432K)
 Metaspace       used 110931K, committed 111680K, reserved 1146880K
  class space    used 15183K, committed 15552K, reserved 1048576K
}
Event: 41.369 GC heap before
{Heap before GC invocations=75 (full 0):
 garbage-first heap   total 316416K, used 139534K [0x0000000080000000, 0x0000000100000000)
  region size 1024K, 19 young (19456K), 18 survivors (18432K)
 Metaspace       used 110944K, committed 111744K, reserved 1146880K
  class space    used 15183K, committed 15552K, reserved 1048576K
}
Event: 41.391 GC heap after
{Heap after GC invocations=76 (full 0):
 garbage-first heap   total 316416K, used 139696K [0x0000000080000000, 0x0000000100000000)
  region size 1024K, 2 young (2048K), 2 survivors (2048K)
 Metaspace       used 110944K, committed 111744K, reserved 1146880K
  class space    used 15183K, committed 15552K, reserved 1048576K
}
Event: 41.786 GC heap before
{Heap before GC invocations=76 (full 0):
 garbage-first heap   total 316416K, used 173488K [0x0000000080000000, 0x0000000100000000)
  region size 1024K, 37 young (37888K), 2 survivors (2048K)
 Metaspace       used 113743K, committed 114496K, reserved 1155072K
  class space    used 15595K, committed 15936K, reserved 1048576K
}

